{"meta": {"format": 3, "version": "7.16.1", "timestamp": "2026-09-25T00:44:13.880930", "branch_coverage": false, "show_contexts": false}, "files": {"src/arbital/__init__.py": {"executed_lines": [27, 29, 30, 32, 34, 35, 45, 51, 52, 70, 84, 85, 87, 89, 92, 93, 94, 95, 98, 99, 107, 108, 109, 110, 113, 115, 116, 117, 120, 122, 125, 138, 139, 140, 141, 142, 143, 144, 145, 146, 147, 148, 149, 150, 151, 152, 153, 154, 155, 156, 163, 185, 188, 189, 190, 191, 192, 193, 194, 195, 196, 197, 198, 199, 200, 202, 211, 212, 213, 219, 229, 236, 237, 240, 241, 242, 243, 245, 252, 253, 254, 256, 258, 259, 261, 274, 275, 280, 282, 295, 296, 297, 298, 302, 309, 319, 320, 323, 328, 330, 331, 332, 334, 336, 337, 338, 340, 341, 343, 344, 345, 346, 347, 349, 350, 351, 353, 355, 356, 367, 371, 378, 381, 388, 391, 398, 401, 411, 414, 421, 424, 431, 434, 441, 443, 446, 496, 497, 498, 499, 500, 506, 507, 508, 509, 510, 511, 512, 513, 514, 515, 516, 517, 518, 520, 521, 522, 523, 524, 525, 526, 527, 529, 530, 533, 591, 592, 593, 594, 595, 596, 597, 598, 599, 600, 601, 602, 603, 606, 620, 621, 622, 623, 624, 625, 626, 627, 629, 630, 631, 638, 734, 738, 739, 742, 744, 745, 747, 754, 755, 757, 758, 759, 767, 768, 769, 772, 777, 816, 819, 820, 823, 824, 825, 826, 827, 828, 832, 833, 834, 835], "summary": {"covered_lines": 221, "num_statements": 241, "percent_covered": 91.70124481327801, "percent_covered_display": "92", "missing_lines": 20, "excluded_lines": 0, "percent_statements_covered": 91.70124481327801, "percent_statements_covered_display": "92"}, "missing_lines": [100, 101, 103, 104, 226, 227, 257, 276, 277, 321, 324, 325, 326, 329, 442, 760, 761, 762, 763, 765], "excluded_lines": [], "functions": {"_resolve_input": {"executed_lines": [84, 85, 87, 89, 92, 93, 94, 95, 98, 99, 107, 108, 109, 110, 113, 115, 116, 117, 120, 122], "summary": {"covered_lines": 20, "num_statements": 24, "percent_covered": 83.33333333333333, "percent_covered_display": "83", "missing_lines": 4, "excluded_lines": 0, "percent_statements_covered": 83.33333333333333, "percent_statements_covered_display": "83"}, "missing_lines": [100, 101, 103, 104], "excluded_lines": [], "start_line": 70}, "_to_float_matrix": {"executed_lines": [138, 139, 140, 141, 142, 143, 144, 145, 146, 147, 148, 149, 150, 151, 152, 153, 154, 155, 156], "summary": {"covered_lines": 19, "num_statements": 19, "percent_covered": 100.0, "percent_covered_display": "100", "missing_lines": 0, "excluded_lines": 0, "percent_statements_covered": 100.0, "percent_statements_covered_display": "100"}, "missing_lines": [], "excluded_lines": [], "start_line": 125}, "OrbitSystem.__init__": {"executed_lines": [188, 189, 190, 191, 192, 193, 194, 195, 196, 197, 198, 199, 200], "summary": {"covered_lines": 13, "num_statements": 13, "percent_covered": 100.0, "percent_covered_display": "100", "missing_lines": 0, "excluded_lines": 0, "percent_statements_covered": 100.0, "percent_statements_covered_display": "100"}, "missing_lines": [], "excluded_lines": [], "start_line": 185}, "OrbitSystem.figure": {"executed_lines": [211, 212, 213], "summary": {"covered_lines": 3, "num_statements": 3, "percent_covered": 100.0, "percent_covered_display": "100", "missing_lines": 0, "excluded_lines": 0, "percent_statements_covered": 100.0, "percent_statements_covered_display": "100"}, "missing_lines": [], "excluded_lines": [], "start_line": 202}, "OrbitSystem.to_plotly": {"executed_lines": [], "summary": {"covered_lines": 0, "num_statements": 2, "percent_covered": 0.0, "percent_covered_display": "0", "missing_lines": 2, "excluded_lines": 0, "percent_statements_covered": 0.0, "percent_statements_covered_display": "0"}, "missing_lines": [226, 227], "excluded_lines": [], "start_line": 219}, "OrbitSystem.to_html": {"executed_lines": [236, 237, 240, 241, 242, 243], "summary": {"covered_lines": 6, "num_statements": 6, "percent_covered": 100.0, "percent_covered_display": "100", "missing_lines": 0, "excluded_lines": 0, "percent_statements_covered": 100.0, "percent_statements_covered_display": "100"}, "missing_lines": [], "excluded_lines": [], "start_line": 229}, "OrbitSystem.table": {"executed_lines": [252, 253, 254, 256, 258, 259], "summary": {"covered_lines": 6, "num_statements": 7, "percent_covered": 85.71428571428571, "percent_covered_display": "86", "missing_lines": 1, "excluded_lines": 0, "percent_statements_covered": 85.71428571428571, "percent_statements_covered_display": "86"}, "missing_lines": [257], "excluded_lines": [], "start_line": 245}, "OrbitSystem.to_df": {"executed_lines": [274, 275, 280], "summary": {"covered_lines": 3, "num_statements": 5, "percent_covered": 60.0, "percent_covered_display": "60", "missing_lines": 2, "excluded_lines": 0, "percent_statements_covered": 60.0, "percent_statements_covered_display": "60"}, "missing_lines": [276, 277], "excluded_lines": [], "start_line": 261}, "OrbitSystem.selection": {"executed_lines": [295, 296, 297, 298, 302], "summary": {"covered_lines": 5, "num_statements": 5, "percent_covered": 100.0, "percent_covered_display": "100", "missing_lines": 0, "excluded_lines": 0, "percent_statements_covered": 100.0, "percent_statements_covered_display": "100"}, "missing_lines": [], "excluded_lines": [], "start_line": 282}, "_compute": {"executed_lines": [319, 320, 323, 328, 330, 331, 332, 334, 336, 337, 338, 340, 341, 343, 344, 345, 346, 347, 349, 350, 351, 353, 355, 356], "summary": {"covered_lines": 24, "num_statements": 29, "percent_covered": 82.75862068965517, "percent_covered_display": "83", "missing_lines": 5, "excluded_lines": 0, "percent_statements_covered": 82.75862068965517, "percent_statements_covered_display": "83"}, "missing_lines": [321, 324, 325, 326, 329], "excluded_lines": [], "start_line": 309}, "_is_valid_confidence": {"executed_lines": [378], "summary": {"covered_lines": 1, "num_statements": 1, "percent_covered": 100.0, "percent_covered_display": "100", "missing_lines": 0, "excluded_lines": 0, "percent_statements_covered": 100.0, "percent_statements_covered_display": "100"}, "missing_lines": [], "excluded_lines": [], "start_line": 371}, "_expected_tail_draws": {"executed_lines": [388], "summary": {"covered_lines": 1, "num_statements": 1, "percent_covered": 100.0, "percent_covered_display": "100", "missing_lines": 0, "excluded_lines": 0, "percent_statements_covered": 100.0, "percent_statements_covered_display": "100"}, "missing_lines": [], "excluded_lines": [], "start_line": 381}, "_tail_is_thin": {"executed_lines": [398], "summary": {"covered_lines": 1, "num_statements": 1, "percent_covered": 100.0, "percent_covered_display": "100", "missing_lines": 0, "excluded_lines": 0, "percent_statements_covered": 100.0, "percent_statements_covered_display": "100"}, "missing_lines": [], "excluded_lines": [], "start_line": 391}, "_chance_adjusted_mi": {"executed_lines": [411], "summary": {"covered_lines": 1, "num_statements": 1, "percent_covered": 100.0, "percent_covered_display": "100", "missing_lines": 0, "excluded_lines": 0, "percent_statements_covered": 100.0, "percent_statements_covered_display": "100"}, "missing_lines": [], "excluded_lines": [], "start_line": 401}, "_is_below_chance": {"executed_lines": [421], "summary": {"covered_lines": 1, "num_statements": 1, "percent_covered": 100.0, "percent_covered_display": "100", "missing_lines": 0, "excluded_lines": 0, "percent_statements_covered": 100.0, "percent_statements_covered_display": "100"}, "missing_lines": [], "excluded_lines": [], "start_line": 414}, "_is_significant": {"executed_lines": [431], "summary": {"covered_lines": 1, "num_statements": 1, "percent_covered": 100.0, "percent_covered_display": "100", "missing_lines": 0, "excluded_lines": 0, "percent_statements_covered": 100.0, "percent_statements_covered_display": "100"}, "missing_lines": [], "excluded_lines": [], "start_line": 424}, "_relative_gain": {"executed_lines": [441, 443], "summary": {"covered_lines": 2, "num_statements": 3, "percent_covered": 66.66666666666667, "percent_covered_display": "67", "missing_lines": 1, "excluded_lines": 0, "percent_statements_covered": 66.66666666666667, "percent_statements_covered_display": "67"}, "missing_lines": [442], "excluded_lines": [], "start_line": 434}, "_chance_levels": {"executed_lines": [496, 497, 498, 499, 500, 506, 507, 508, 509, 510, 511, 512, 513, 514, 515, 516, 517, 518, 520, 521, 522, 523, 524, 525, 526, 527, 529, 530], "summary": {"covered_lines": 28, "num_statements": 28, "percent_covered": 100.0, "percent_covered_display": "100", "missing_lines": 0, "excluded_lines": 0, "percent_statements_covered": 100.0, "percent_statements_covered_display": "100"}, "missing_lines": [], "excluded_lines": [], "start_line": 446}, "_apply_calibration": {"executed_lines": [591, 592, 593, 594, 595, 596, 597, 598, 599, 600, 601, 602, 603], "summary": {"covered_lines": 13, "num_statements": 13, "percent_covered": 100.0, "percent_covered_display": "100", "missing_lines": 0, "excluded_lines": 0, "percent_statements_covered": 100.0, "percent_statements_covered_display": "100"}, "missing_lines": [], "excluded_lines": [], "start_line": 533}, "_bootstrap_se": {"executed_lines": [620, 621, 622, 623, 624, 625, 626, 627, 629, 630, 631], "summary": {"covered_lines": 11, "num_statements": 11, "percent_covered": 100.0, "percent_covered_display": "100", "missing_lines": 0, "excluded_lines": 0, "percent_statements_covered": 100.0, "percent_statements_covered_display": "100"}, "missing_lines": [], "excluded_lines": [], "start_line": 606}, "orbits": {"executed_lines": [734, 738, 739, 742, 744, 745, 747, 754, 755, 757, 758, 759, 767, 768, 769, 772], "summary": {"covered_lines": 16, "num_statements": 21, "percent_covered": 76.19047619047619, "percent_covered_display": "76", "missing_lines": 5, "excluded_lines": 0, "percent_statements_covered": 76.19047619047619, "percent_statements_covered_display": "76"}, "missing_lines": [760, 761, 762, 763, 765], "excluded_lines": [], "start_line": 638}, "select_features": {"executed_lines": [816, 819, 820, 823, 824, 825, 826, 827, 828, 832, 833, 834, 835], "summary": {"covered_lines": 13, "num_statements": 13, "percent_covered": 100.0, "percent_covered_display": "100", "missing_lines": 0, "excluded_lines": 0, "percent_statements_covered": 100.0, "percent_statements_covered_display": "100"}, "missing_lines": [], "excluded_lines": [], "start_line": 777}, "": {"executed_lines": [27, 29, 30, 32, 34, 35, 45, 51, 52, 70, 125, 163, 185, 202, 219, 229, 245, 261, 282, 309, 367, 371, 381, 391, 401, 414, 424, 434, 446, 533, 606, 638, 777], "summary": {"covered_lines": 33, "num_statements": 33, "percent_covered": 100.0, "percent_covered_display": "100", "missing_lines": 0, "excluded_lines": 0, "percent_statements_covered": 100.0, "percent_statements_covered_display": "100"}, "missing_lines": [], "excluded_lines": [], "start_line": 1}}, "classes": {"OrbitSystem": {"executed_lines": [188, 189, 190, 191, 192, 193, 194, 195, 196, 197, 198, 199, 200, 211, 212, 213, 236, 237, 240, 241, 242, 243, 252, 253, 254, 256, 258, 259, 274, 275, 280, 295, 296, 297, 298, 302], "summary": {"covered_lines": 36, "num_statements": 41, "percent_covered": 87.8048780487805, "percent_covered_display": "88", "missing_lines": 5, "excluded_lines": 0, "percent_statements_covered": 87.8048780487805, "percent_statements_covered_display": "88"}, "missing_lines": [226, 227, 257, 276, 277], "excluded_lines": [], "start_line": 163}, "": {"executed_lines": [27, 29, 30, 32, 34, 35, 45, 51, 52, 70, 84, 85, 87, 89, 92, 93, 94, 95, 98, 99, 107, 108, 109, 110, 113, 115, 116, 117, 120, 122, 125, 138, 139, 140, 141, 142, 143, 144, 145, 146, 147, 148, 149, 150, 151, 152, 153, 154, 155, 156, 163, 185, 202, 219, 229, 245, 261, 282, 309, 319, 320, 323, 328, 330, 331, 332, 334, 336, 337, 338, 340, 341, 343, 344, 345, 346, 347, 349, 350, 351, 353, 355, 356, 367, 371, 378, 381, 388, 391, 398, 401, 411, 414, 421, 424, 431, 434, 441, 443, 446, 496, 497, 498, 499, 500, 506, 507, 508, 509, 510, 511, 512, 513, 514, 515, 516, 517, 518, 520, 521, 522, 523, 524, 525, 526, 527, 529, 530, 533, 591, 592, 593, 594, 595, 596, 597, 598, 599, 600, 601, 602, 603, 606, 620, 621, 622, 623, 624, 625, 626, 627, 629, 630, 631, 638, 734, 738, 739, 742, 744, 745, 747, 754, 755, 757, 758, 759, 767, 768, 769, 772, 777, 816, 819, 820, 823, 824, 825, 826, 827, 828, 832, 833, 834, 835], "summary": {"covered_lines": 185, "num_statements": 200, "percent_covered": 92.5, "percent_covered_display": "92", "missing_lines": 15, "excluded_lines": 0, "percent_statements_covered": 92.5, "percent_statements_covered_display": "92"}, "missing_lines": [100, 101, 103, 104, 321, 324, 325, 326, 329, 442, 760, 761, 762, 763, 765], "excluded_lines": [], "start_line": 1}}}, "src/arbital/datasets.py": {"executed_lines": [35, 37, 38, 40, 42, 52, 55, 69, 71, 72, 73, 74, 75, 77, 78, 80, 81, 82, 84, 92, 101, 114, 120, 137, 177, 188, 189, 190, 191, 192, 193, 195, 196, 198, 200, 201, 202, 203, 204, 205, 209, 210, 214, 217, 219, 220, 221, 222, 223, 224, 225, 226, 228, 229, 231, 232, 233, 234, 237, 253, 254, 255, 261, 271, 274, 285, 288, 299, 305, 315, 318], "summary": {"covered_lines": 71, "num_statements": 106, "percent_covered": 66.98113207547169, "percent_covered_display": "67", "missing_lines": 35, "excluded_lines": 2, "percent_statements_covered": 66.98113207547169, "percent_statements_covered_display": "67"}, "missing_lines": [90, 99, 108, 109, 110, 111, 112, 115, 116, 127, 128, 134, 151, 152, 153, 154, 156, 157, 158, 159, 161, 162, 163, 164, 165, 166, 168, 169, 171, 172, 173, 174, 257, 258, 329], "excluded_lines": [129, 130], "functions": {"Table.__init__": {"executed_lines": [71, 72, 73, 74, 75], "summary": {"covered_lines": 5, "num_statements": 5, "percent_covered": 100.0, "percent_covered_display": "100", "missing_lines": 0, "excluded_lines": 0, "percent_statements_covered": 100.0, "percent_statements_covered_display": "100"}, "missing_lines": [], "excluded_lines": [], "start_line": 69}, "Table.__array__": {"executed_lines": [78], "summary": {"covered_lines": 1, "num_statements": 1, "percent_covered": 100.0, "percent_covered_display": "100", "missing_lines": 0, "excluded_lines": 0, "percent_statements_covered": 100.0, "percent_statements_covered_display": "100"}, "missing_lines": [], "excluded_lines": [], "start_line": 77}, "Table.shape": {"executed_lines": [82], "summary": {"covered_lines": 1, "num_statements": 1, "percent_covered": 100.0, "percent_covered_display": "100", "missing_lines": 0, "excluded_lines": 0, "percent_statements_covered": 100.0, "percent_statements_covered_display": "100"}, "missing_lines": [], "excluded_lines": [], "start_line": 81}, "Table.column": {"executed_lines": [], "summary": {"covered_lines": 0, "num_statements": 1, "percent_covered": 0.0, "percent_covered_display": "0", "missing_lines": 1, "excluded_lines": 0, "percent_statements_covered": 0.0, "percent_statements_covered_display": "0"}, "missing_lines": [90], "excluded_lines": [], "start_line": 84}, "Table.is_categorical": {"executed_lines": [], "summary": {"covered_lines": 0, "num_statements": 1, "percent_covered": 0.0, "percent_covered_display": "0", "missing_lines": 1, "excluded_lines": 0, "percent_statements_covered": 0.0, "percent_statements_covered_display": "0"}, "missing_lines": [99], "excluded_lines": [], "start_line": 92}, "Table.to_pandas": {"executed_lines": [], "summary": {"covered_lines": 0, "num_statements": 5, "percent_covered": 0.0, "percent_covered_display": "0", "missing_lines": 5, "excluded_lines": 0, "percent_statements_covered": 0.0, "percent_statements_covered_display": "0"}, "missing_lines": [108, 109, 110, 111, 112], "excluded_lines": [], "start_line": 101}, "Table.__repr__": {"executed_lines": [], "summary": {"covered_lines": 0, "num_statements": 2, "percent_covered": 0.0, "percent_covered_display": "0", "missing_lines": 2, "excluded_lines": 0, "percent_statements_covered": 0.0, "percent_statements_covered_display": "0"}, "missing_lines": [115, 116], "excluded_lines": [], "start_line": 114}, "_seaborn": {"executed_lines": [], "summary": {"covered_lines": 0, "num_statements": 3, "percent_covered": 0.0, "percent_covered_display": "0", "missing_lines": 3, "excluded_lines": 2, "percent_statements_covered": 0.0, "percent_statements_covered_display": "0"}, "missing_lines": [127, 128, 134], "excluded_lines": [129, 130], "start_line": 120}, "_dataframe_to_table": {"executed_lines": [], "summary": {"covered_lines": 0, "num_statements": 20, "percent_covered": 0.0, "percent_covered_display": "0", "missing_lines": 20, "excluded_lines": 0, "percent_statements_covered": 0.0, "percent_statements_covered_display": "0"}, "missing_lines": [151, 152, 153, 154, 156, 157, 158, 159, 161, 162, 163, 164, 165, 166, 168, 169, 171, 172, 173, 174], "excluded_lines": [], "start_line": 137}, "_load_bundled": {"executed_lines": [188, 189, 190, 191, 192, 193, 195, 196, 198, 200, 209, 210, 214, 217, 219, 220, 221, 222, 223, 224, 225, 226, 228, 229, 231, 232, 233, 234], "summary": {"covered_lines": 28, "num_statements": 28, "percent_covered": 100.0, "percent_covered_display": "100", "missing_lines": 0, "excluded_lines": 0, "percent_statements_covered": 100.0, "percent_statements_covered_display": "100"}, "missing_lines": [], "excluded_lines": [], "start_line": 177}, "_load_bundled._as_float": {"executed_lines": [201, 202, 203, 204, 205], "summary": {"covered_lines": 5, "num_statements": 5, "percent_covered": 100.0, "percent_covered_display": "100", "missing_lines": 0, "excluded_lines": 0, "percent_statements_covered": 100.0, "percent_statements_covered_display": "100"}, "missing_lines": [], "excluded_lines": [], "start_line": 200}, "load": {"executed_lines": [253, 254, 255], "summary": {"covered_lines": 3, "num_statements": 5, "percent_covered": 60.0, "percent_covered_display": "60", "missing_lines": 2, "excluded_lines": 0, "percent_statements_covered": 60.0, "percent_statements_covered_display": "60"}, "missing_lines": [257, 258], "excluded_lines": [], "start_line": 237}, "load_mpg": {"executed_lines": [271], "summary": {"covered_lines": 1, "num_statements": 1, "percent_covered": 100.0, "percent_covered_display": "100", "missing_lines": 0, "excluded_lines": 0, "percent_statements_covered": 100.0, "percent_statements_covered_display": "100"}, "missing_lines": [], "excluded_lines": [], "start_line": 261}, "load_penguins": {"executed_lines": [285], "summary": {"covered_lines": 1, "num_statements": 1, "percent_covered": 100.0, "percent_covered_display": "100", "missing_lines": 0, "excluded_lines": 0, "percent_statements_covered": 100.0, "percent_statements_covered_display": "100"}, "missing_lines": [], "excluded_lines": [], "start_line": 274}, "load_titanic": {"executed_lines": [299], "summary": {"covered_lines": 1, "num_statements": 1, "percent_covered": 100.0, "percent_covered_display": "100", "missing_lines": 0, "excluded_lines": 0, "percent_statements_covered": 100.0, "percent_statements_covered_display": "100"}, "missing_lines": [], "excluded_lines": [], "start_line": 288}, "load_tips": {"executed_lines": [315], "summary": {"covered_lines": 1, "num_statements": 1, "percent_covered": 100.0, "percent_covered_display": "100", "missing_lines": 0, "excluded_lines": 0, "percent_statements_covered": 100.0, "percent_statements_covered_display": "100"}, "missing_lines": [], "excluded_lines": [], "start_line": 305}, "available": {"executed_lines": [], "summary": {"covered_lines": 0, "num_statements": 1, "percent_covered": 0.0, "percent_covered_display": "0", "missing_lines": 1, "excluded_lines": 0, "percent_statements_covered": 0.0, "percent_statements_covered_display": "0"}, "missing_lines": [329], "excluded_lines": [], "start_line": 318}, "": {"executed_lines": [35, 37, 38, 40, 42, 52, 55, 69, 77, 80, 81, 84, 92, 101, 114, 120, 137, 177, 237, 261, 274, 288, 305, 318], "summary": {"covered_lines": 24, "num_statements": 24, "percent_covered": 100.0, "percent_covered_display": "100", "missing_lines": 0, "excluded_lines": 0, "percent_statements_covered": 100.0, "percent_statements_covered_display": "100"}, "missing_lines": [], "excluded_lines": [], "start_line": 1}}, "classes": {"Table": {"executed_lines": [71, 72, 73, 74, 75, 78, 82], "summary": {"covered_lines": 7, "num_statements": 16, "percent_covered": 43.75, "percent_covered_display": "44", "missing_lines": 9, "excluded_lines": 0, "percent_statements_covered": 43.75, "percent_statements_covered_display": "44"}, "missing_lines": [90, 99, 108, 109, 110, 111, 112, 115, 116], "excluded_lines": [], "start_line": 55}, "": {"executed_lines": [35, 37, 38, 40, 42, 52, 55, 69, 77, 80, 81, 84, 92, 101, 114, 120, 137, 177, 188, 189, 190, 191, 192, 193, 195, 196, 198, 200, 201, 202, 203, 204, 205, 209, 210, 214, 217, 219, 220, 221, 222, 223, 224, 225, 226, 228, 229, 231, 232, 233, 234, 237, 253, 254, 255, 261, 271, 274, 285, 288, 299, 305, 315, 318], "summary": {"covered_lines": 64, "num_statements": 90, "percent_covered": 71.11111111111111, "percent_covered_display": "71", "missing_lines": 26, "excluded_lines": 2, "percent_statements_covered": 71.11111111111111, "percent_statements_covered_display": "71"}, "missing_lines": [127, 128, 134, 151, 152, 153, 154, 156, 157, 158, 159, 161, 162, 163, 164, 165, 166, 168, 169, 171, 172, 173, 174, 257, 258, 329], "excluded_lines": [129, 130], "start_line": 1}}}, "src/arbital/geometry.py": {"executed_lines": [56, 58, 60, 61, 63, 65, 74, 92, 93, 94, 95, 99, 109, 110, 113, 137, 138, 139, 140, 141, 142, 143, 146, 162, 183, 195, 196, 197, 198, 199, 200, 201, 204, 213, 216, 227, 230, 262, 263, 264, 265, 267, 268, 269, 270, 271, 272, 273, 278, 279, 285, 286, 287, 288, 289, 290, 291, 292, 294, 297, 304, 307, 340, 341, 342, 345, 346, 347, 348, 349, 350, 351, 352, 353, 354, 356, 357, 358, 359, 360, 361, 362, 363, 364, 367, 377, 380, 392, 393, 394, 395, 396, 397, 398, 399], "summary": {"covered_lines": 95, "num_statements": 111, "percent_covered": 85.58558558558559, "percent_covered_display": "86", "missing_lines": 16, "excluded_lines": 0, "percent_statements_covered": 85.58558558558559, "percent_statements_covered_display": "86"}, "missing_lines": [96, 156, 157, 158, 159, 174, 175, 176, 177, 178, 179, 180, 266, 275, 276, 277], "excluded_lines": [], "functions": {"_distance_from_strength": {"executed_lines": [92, 93, 94, 95], "summary": {"covered_lines": 4, "num_statements": 5, "percent_covered": 80.0, "percent_covered_display": "80", "missing_lines": 1, "excluded_lines": 0, "percent_statements_covered": 80.0, "percent_statements_covered_display": "80"}, "missing_lines": [96], "excluded_lines": [], "start_line": 74}, "strength_to_distance": {"executed_lines": [109, 110], "summary": {"covered_lines": 2, "num_statements": 2, "percent_covered": 100.0, "percent_covered_display": "100", "missing_lines": 0, "excluded_lines": 0, "percent_statements_covered": 100.0, "percent_statements_covered_display": "100"}, "missing_lines": [], "excluded_lines": [], "start_line": 99}, "orbit_parameters": {"executed_lines": [137, 138, 139, 140, 141, 142, 143], "summary": {"covered_lines": 7, "num_statements": 7, "percent_covered": 100.0, "percent_covered_display": "100", "missing_lines": 0, "excluded_lines": 0, "percent_statements_covered": 100.0, "percent_statements_covered_display": "100"}, "missing_lines": [], "excluded_lines": [], "start_line": 113}, "_eccentricity": {"executed_lines": [], "summary": {"covered_lines": 0, "num_statements": 4, "percent_covered": 0.0, "percent_covered_display": "0", "missing_lines": 4, "excluded_lines": 0, "percent_statements_covered": 0.0, "percent_statements_covered_display": "0"}, "missing_lines": [156, 157, 158, 159], "excluded_lines": [], "start_line": 146}, "ellipse_path": {"executed_lines": [], "summary": {"covered_lines": 0, "num_statements": 7, "percent_covered": 0.0, "percent_covered_display": "0", "missing_lines": 7, "excluded_lines": 0, "percent_statements_covered": 0.0, "percent_statements_covered_display": "0"}, "missing_lines": [174, 175, 176, 177, 178, 179, 180], "excluded_lines": [], "start_line": 162}, "_classical_mds_2d": {"executed_lines": [195, 196, 197, 198, 199, 200, 201], "summary": {"covered_lines": 7, "num_statements": 7, "percent_covered": 100.0, "percent_covered_display": "100", "missing_lines": 0, "excluded_lines": 0, "percent_statements_covered": 100.0, "percent_statements_covered_display": "100"}, "missing_lines": [], "excluded_lines": [], "start_line": 183}, "_min_gap": {"executed_lines": [213], "summary": {"covered_lines": 1, "num_statements": 1, "percent_covered": 100.0, "percent_covered_display": "100", "missing_lines": 0, "excluded_lines": 0, "percent_statements_covered": 100.0, "percent_statements_covered_display": "100"}, "missing_lines": [], "excluded_lines": [], "start_line": 204}, "_widened_gap": {"executed_lines": [227], "summary": {"covered_lines": 1, "num_statements": 1, "percent_covered": 100.0, "percent_covered_display": "100", "missing_lines": 0, "excluded_lines": 0, "percent_statements_covered": 100.0, "percent_statements_covered_display": "100"}, "missing_lines": [], "excluded_lines": [], "start_line": 216}, "angular_layout": {"executed_lines": [262, 263, 264, 265, 267, 268, 269, 270, 271, 272, 273, 278, 279, 285, 286, 287, 288, 289, 290, 291, 292, 294], "summary": {"covered_lines": 22, "num_statements": 26, "percent_covered": 84.61538461538461, "percent_covered_display": "85", "missing_lines": 4, "excluded_lines": 0, "percent_statements_covered": 84.61538461538461, "percent_statements_covered_display": "85"}, "missing_lines": [266, 275, 276, 277], "excluded_lines": [], "start_line": 230}, "_marginal_gain": {"executed_lines": [304], "summary": {"covered_lines": 1, "num_statements": 1, "percent_covered": 100.0, "percent_covered_display": "100", "missing_lines": 0, "excluded_lines": 0, "percent_statements_covered": 100.0, "percent_statements_covered_display": "100"}, "missing_lines": [], "excluded_lines": [], "start_line": 297}, "greedy_selection": {"executed_lines": [340, 341, 342, 345, 346, 347, 348, 349, 350, 351, 352, 353, 354, 356, 357, 358, 359, 360, 361, 362, 363, 364], "summary": {"covered_lines": 22, "num_statements": 22, "percent_covered": 100.0, "percent_covered_display": "100", "missing_lines": 0, "excluded_lines": 0, "percent_statements_covered": 100.0, "percent_statements_covered_display": "100"}, "missing_lines": [], "excluded_lines": [], "start_line": 307}, "_mean_association": {"executed_lines": [377], "summary": {"covered_lines": 1, "num_statements": 1, "percent_covered": 100.0, "percent_covered_display": "100", "missing_lines": 0, "excluded_lines": 0, "percent_statements_covered": 100.0, "percent_statements_covered_display": "100"}, "missing_lines": [], "excluded_lines": [], "start_line": 367}, "select_target": {"executed_lines": [392, 393, 394, 395, 396, 397, 398, 399], "summary": {"covered_lines": 8, "num_statements": 8, "percent_covered": 100.0, "percent_covered_display": "100", "missing_lines": 0, "excluded_lines": 0, "percent_statements_covered": 100.0, "percent_statements_covered_display": "100"}, "missing_lines": [], "excluded_lines": [], "start_line": 380}, "": {"executed_lines": [56, 58, 60, 61, 63, 65, 74, 99, 113, 146, 162, 183, 204, 216, 230, 297, 307, 367, 380], "summary": {"covered_lines": 19, "num_statements": 19, "percent_covered": 100.0, "percent_covered_display": "100", "missing_lines": 0, "excluded_lines": 0, "percent_statements_covered": 100.0, "percent_statements_covered_display": "100"}, "missing_lines": [], "excluded_lines": [], "start_line": 1}}, "classes": {"": {"executed_lines": [56, 58, 60, 61, 63, 65, 74, 92, 93, 94, 95, 99, 109, 110, 113, 137, 138, 139, 140, 141, 142, 143, 146, 162, 183, 195, 196, 197, 198, 199, 200, 201, 204, 213, 216, 227, 230, 262, 263, 264, 265, 267, 268, 269, 270, 271, 272, 273, 278, 279, 285, 286, 287, 288, 289, 290, 291, 292, 294, 297, 304, 307, 340, 341, 342, 345, 346, 347, 348, 349, 350, 351, 352, 353, 354, 356, 357, 358, 359, 360, 361, 362, 363, 364, 367, 377, 380, 392, 393, 394, 395, 396, 397, 398, 399], "summary": {"covered_lines": 95, "num_statements": 111, "percent_covered": 85.58558558558559, "percent_covered_display": "86", "missing_lines": 16, "excluded_lines": 0, "percent_statements_covered": 85.58558558558559, "percent_statements_covered_display": "86"}, "missing_lines": [96, 156, 157, 158, 159, 174, 175, 176, 177, 178, 179, 180, 266, 275, 276, 277], "excluded_lines": [], "start_line": 1}}}, "src/arbital/measures.py": {"executed_lines": [46, 48, 49, 51, 70, 77, 80, 87, 90, 102, 103, 104, 107, 118, 121, 132, 139, 149, 150, 151, 152, 153, 154, 156, 159, 166, 167, 168, 169, 171, 172, 173, 174, 175, 176, 177, 178, 179, 180, 183, 190, 197, 208, 209, 211, 212, 213, 214, 216, 217, 218, 222, 225, 250, 251, 252, 253, 255, 260, 261, 262, 263, 264, 267, 268, 269, 270, 273, 276, 277, 278, 279, 282, 289, 306, 316, 328, 329, 330, 331, 333, 334, 335, 336, 337, 338, 339, 340, 341, 342, 343, 344, 347, 366, 367, 368, 369, 370, 371, 373, 374, 375, 376, 377, 379, 380, 381, 382, 383, 385, 386, 387, 389, 392, 404, 405, 406, 407, 408, 409, 410, 417, 436, 437, 438, 439, 440, 441, 443, 450, 483, 484, 485, 486, 487, 488, 497, 498, 500, 501, 507, 508, 509, 510, 511, 512, 520, 531, 532, 533, 534, 535, 536, 537, 538, 540, 541], "summary": {"covered_lines": 157, "num_statements": 162, "percent_covered": 96.91358024691358, "percent_covered_display": "97", "missing_lines": 5, "excluded_lines": 0, "percent_statements_covered": 96.91358024691358, "percent_statements_covered_display": "97"}, "missing_lines": [155, 254, 256, 332, 378], "excluded_lines": [], "functions": {"_ksg_mi": {"executed_lines": [77], "summary": {"covered_lines": 1, "num_statements": 1, "percent_covered": 100.0, "percent_covered_display": "100", "missing_lines": 0, "excluded_lines": 0, "percent_statements_covered": 100.0, "percent_statements_covered_display": "100"}, "missing_lines": [], "excluded_lines": [], "start_line": 70}, "_monotone_strength": {"executed_lines": [87], "summary": {"covered_lines": 1, "num_statements": 1, "percent_covered": 100.0, "percent_covered_display": "100", "missing_lines": 0, "excluded_lines": 0, "percent_statements_covered": 100.0, "percent_statements_covered_display": "100"}, "missing_lines": [], "excluded_lines": [], "start_line": 80}, "_nonlinear_share": {"executed_lines": [102, 103, 104], "summary": {"covered_lines": 3, "num_statements": 3, "percent_covered": 100.0, "percent_covered_display": "100", "missing_lines": 0, "excluded_lines": 0, "percent_statements_covered": 100.0, "percent_statements_covered_display": "100"}, "missing_lines": [], "excluded_lines": [], "start_line": 90}, "_floored_total": {"executed_lines": [118], "summary": {"covered_lines": 1, "num_statements": 1, "percent_covered": 100.0, "percent_covered_display": "100", "missing_lines": 0, "excluded_lines": 0, "percent_statements_covered": 100.0, "percent_statements_covered_display": "100"}, "missing_lines": [], "excluded_lines": [], "start_line": 107}, "_is_nominal": {"executed_lines": [132], "summary": {"covered_lines": 1, "num_statements": 1, "percent_covered": 100.0, "percent_covered_display": "100", "missing_lines": 0, "excluded_lines": 0, "percent_statements_covered": 100.0, "percent_statements_covered_display": "100"}, "missing_lines": [], "excluded_lines": [], "start_line": 121}, "pearson": {"executed_lines": [149, 150, 151, 152, 153, 154, 156], "summary": {"covered_lines": 7, "num_statements": 8, "percent_covered": 87.5, "percent_covered_display": "88", "missing_lines": 1, "excluded_lines": 0, "percent_statements_covered": 87.5, "percent_statements_covered_display": "88"}, "missing_lines": [155], "excluded_lines": [], "start_line": 139}, "_ranks": {"executed_lines": [166, 167, 168, 169, 171, 172, 173, 174, 175, 176, 177, 178, 179, 180], "summary": {"covered_lines": 14, "num_statements": 14, "percent_covered": 100.0, "percent_covered_display": "100", "missing_lines": 0, "excluded_lines": 0, "percent_statements_covered": 100.0, "percent_statements_covered_display": "100"}, "missing_lines": [], "excluded_lines": [], "start_line": 159}, "spearman": {"executed_lines": [190], "summary": {"covered_lines": 1, "num_statements": 1, "percent_covered": 100.0, "percent_covered_display": "100", "missing_lines": 0, "excluded_lines": 0, "percent_statements_covered": 100.0, "percent_statements_covered_display": "100"}, "missing_lines": [], "excluded_lines": [], "start_line": 183}, "_digamma": {"executed_lines": [208, 209, 211, 212, 213, 214, 216, 217, 218, 222], "summary": {"covered_lines": 10, "num_statements": 10, "percent_covered": 100.0, "percent_covered_display": "100", "missing_lines": 0, "excluded_lines": 0, "percent_statements_covered": 100.0, "percent_statements_covered_display": "100"}, "missing_lines": [], "excluded_lines": [], "start_line": 197}, "mutual_information": {"executed_lines": [250, 251, 252, 253, 255, 260, 261, 262, 263, 264, 267, 268, 269, 270, 273, 276, 277, 278, 279, 282], "summary": {"covered_lines": 20, "num_statements": 22, "percent_covered": 90.9090909090909, "percent_covered_display": "91", "missing_lines": 2, "excluded_lines": 0, "percent_statements_covered": 90.9090909090909, "percent_statements_covered_display": "91"}, "missing_lines": [254, 256], "excluded_lines": [], "start_line": 225}, "linfoot": {"executed_lines": [306], "summary": {"covered_lines": 1, "num_statements": 1, "percent_covered": 100.0, "percent_covered_display": "100", "missing_lines": 0, "excluded_lines": 0, "percent_statements_covered": 100.0, "percent_statements_covered_display": "100"}, "missing_lines": [], "excluded_lines": [], "start_line": 289}, "_mi_discrete_discrete": {"executed_lines": [328, 329, 330, 331, 333, 334, 335, 336, 337, 338, 339, 340, 341, 342, 343, 344], "summary": {"covered_lines": 16, "num_statements": 17, "percent_covered": 94.11764705882354, "percent_covered_display": "94", "missing_lines": 1, "excluded_lines": 0, "percent_statements_covered": 94.11764705882354, "percent_statements_covered_display": "94"}, "missing_lines": [332], "excluded_lines": [], "start_line": 316}, "_mi_continuous_discrete": {"executed_lines": [366, 367, 368, 369, 370, 371, 373, 374, 375, 376, 377, 379, 380, 381, 382, 383, 385, 386, 387, 389], "summary": {"covered_lines": 20, "num_statements": 21, "percent_covered": 95.23809523809524, "percent_covered_display": "95", "missing_lines": 1, "excluded_lines": 0, "percent_statements_covered": 95.23809523809524, "percent_statements_covered_display": "95"}, "missing_lines": [378], "excluded_lines": [], "start_line": 347}, "mutual_information_mixed": {"executed_lines": [404, 405, 406, 407, 408, 409, 410], "summary": {"covered_lines": 7, "num_statements": 7, "percent_covered": 100.0, "percent_covered_display": "100", "missing_lines": 0, "excluded_lines": 0, "percent_statements_covered": 100.0, "percent_statements_covered_display": "100"}, "missing_lines": [], "excluded_lines": [], "start_line": 392}, "shuffled_mi": {"executed_lines": [436, 437, 438, 439, 440, 441, 443], "summary": {"covered_lines": 7, "num_statements": 7, "percent_covered": 100.0, "percent_covered_display": "100", "missing_lines": 0, "excluded_lines": 0, "percent_statements_covered": 100.0, "percent_statements_covered_display": "100"}, "missing_lines": [], "excluded_lines": [], "start_line": 417}, "profile": {"executed_lines": [483, 484, 485, 486, 487, 488, 497, 498, 500, 501, 507, 508, 509, 510, 511, 512], "summary": {"covered_lines": 16, "num_statements": 16, "percent_covered": 100.0, "percent_covered_display": "100", "missing_lines": 0, "excluded_lines": 0, "percent_statements_covered": 100.0, "percent_statements_covered_display": "100"}, "missing_lines": [], "excluded_lines": [], "start_line": 450}, "association_matrix": {"executed_lines": [531, 532, 533, 534, 535, 536, 537, 538, 540, 541], "summary": {"covered_lines": 10, "num_statements": 10, "percent_covered": 100.0, "percent_covered_display": "100", "missing_lines": 0, "excluded_lines": 0, "percent_statements_covered": 100.0, "percent_statements_covered_display": "100"}, "missing_lines": [], "excluded_lines": [], "start_line": 520}, "": {"executed_lines": [46, 48, 49, 51, 70, 80, 90, 107, 121, 139, 159, 183, 197, 225, 289, 316, 347, 392, 417, 450, 520], "summary": {"covered_lines": 21, "num_statements": 21, "percent_covered": 100.0, "percent_covered_display": "100", "missing_lines": 0, "excluded_lines": 0, "percent_statements_covered": 100.0, "percent_statements_covered_display": "100"}, "missing_lines": [], "excluded_lines": [], "start_line": 1}}, "classes": {"": {"executed_lines": [46, 48, 49, 51, 70, 77, 80, 87, 90, 102, 103, 104, 107, 118, 121, 132, 139, 149, 150, 151, 152, 153, 154, 156, 159, 166, 167, 168, 169, 171, 172, 173, 174, 175, 176, 177, 178, 179, 180, 183, 190, 197, 208, 209, 211, 212, 213, 214, 216, 217, 218, 222, 225, 250, 251, 252, 253, 255, 260, 261, 262, 263, 264, 267, 268, 269, 270, 273, 276, 277, 278, 279, 282, 289, 306, 316, 328, 329, 330, 331, 333, 334, 335, 336, 337, 338, 339, 340, 341, 342, 343, 344, 347, 366, 367, 368, 369, 370, 371, 373, 374, 375, 376, 377, 379, 380, 381, 382, 383, 385, 386, 387, 389, 392, 404, 405, 406, 407, 408, 409, 410, 417, 436, 437, 438, 439, 440, 441, 443, 450, 483, 484, 485, 486, 487, 488, 497, 498, 500, 501, 507, 508, 509, 510, 511, 512, 520, 531, 532, 533, 534, 535, 536, 537, 538, 540, 541], "summary": {"covered_lines": 157, "num_statements": 162, "percent_covered": 96.91358024691358, "percent_covered_display": "97", "missing_lines": 5, "excluded_lines": 0, "percent_statements_covered": 96.91358024691358, "percent_statements_covered_display": "97"}, "missing_lines": [155, 254, 256, 332, 378], "excluded_lines": [], "start_line": 1}}}, "src/arbital/plot.py": {"executed_lines": [63, 65, 66, 68, 70, 72, 75, 76, 77, 78, 79, 80, 81, 82, 88, 89, 92, 99, 102, 109, 112, 123, 124, 125, 126, 127, 128, 129, 132, 141, 148, 151, 158, 161, 171, 174, 181, 184, 191, 194, 204, 207, 217, 220, 231, 232, 235, 248, 258, 264, 265, 277, 278, 279, 280, 282, 284, 299, 300, 302, 304, 305, 306, 307, 308, 309, 310, 312, 313, 317, 321, 322, 325, 328, 341, 342, 345, 346, 347, 348, 349, 350, 351, 352, 353, 354, 356, 359, 382, 383, 384, 398, 400, 401, 402, 403, 404, 405, 412, 413, 426, 441, 442, 443, 444, 445, 452, 460, 461, 463, 464, 465, 466, 467, 473, 474, 475, 476, 477, 490, 491, 492, 493, 494, 503, 504, 505, 512, 513, 514, 524, 525, 526, 527, 528, 529, 538, 555, 556, 570, 571, 572, 573, 576, 577, 586, 587, 591, 596, 603, 604, 610, 625, 626, 627, 636, 637, 648, 659, 671, 677, 704, 712, 714, 715], "summary": {"covered_lines": 165, "num_statements": 179, "percent_covered": 92.17877094972067, "percent_covered_display": "92", "missing_lines": 14, "excluded_lines": 0, "percent_statements_covered": 92.17877094972067, "percent_statements_covered_display": "92"}, "missing_lines": [245, 283, 286, 318, 323, 324, 343, 344, 540, 542, 574, 578, 579, 581], "excluded_lines": [], "functions": {"_display_radius": {"executed_lines": [99], "summary": {"covered_lines": 1, "num_statements": 1, "percent_covered": 100.0, "percent_covered_display": "100", "missing_lines": 0, "excluded_lines": 0, "percent_statements_covered": 100.0, "percent_statements_covered_display": "100"}, "missing_lines": [], "excluded_lines": [], "start_line": 92}, "_display": {"executed_lines": [109], "summary": {"covered_lines": 1, "num_statements": 1, "percent_covered": 100.0, "percent_covered_display": "100", "missing_lines": 0, "excluded_lines": 0, "percent_statements_covered": 100.0, "percent_statements_covered_display": "100"}, "missing_lines": [], "excluded_lines": [], "start_line": 102}, "_clipped_line": {"executed_lines": [123, 124, 125, 126, 127, 128, 129], "summary": {"covered_lines": 7, "num_statements": 7, "percent_covered": 100.0, "percent_covered_display": "100", "missing_lines": 0, "excluded_lines": 0, "percent_statements_covered": 100.0, "percent_statements_covered_display": "100"}, "missing_lines": [], "excluded_lines": [], "start_line": 112}, "_near_chance": {"executed_lines": [148], "summary": {"covered_lines": 1, "num_statements": 1, "percent_covered": 100.0, "percent_covered_display": "100", "missing_lines": 0, "excluded_lines": 0, "percent_statements_covered": 100.0, "percent_statements_covered_display": "100"}, "missing_lines": [], "excluded_lines": [], "start_line": 141}, "_band_high": {"executed_lines": [158], "summary": {"covered_lines": 1, "num_statements": 1, "percent_covered": 100.0, "percent_covered_display": "100", "missing_lines": 0, "excluded_lines": 0, "percent_statements_covered": 100.0, "percent_statements_covered_display": "100"}, "missing_lines": [], "excluded_lines": [], "start_line": 151}, "_band_low": {"executed_lines": [171], "summary": {"covered_lines": 1, "num_statements": 1, "percent_covered": 100.0, "percent_covered_display": "100", "missing_lines": 0, "excluded_lines": 0, "percent_statements_covered": 100.0, "percent_statements_covered_display": "100"}, "missing_lines": [], "excluded_lines": [], "start_line": 161}, "_band_crosses_chance": {"executed_lines": [181], "summary": {"covered_lines": 1, "num_statements": 1, "percent_covered": 100.0, "percent_covered_display": "100", "missing_lines": 0, "excluded_lines": 0, "percent_statements_covered": 100.0, "percent_statements_covered_display": "100"}, "missing_lines": [], "excluded_lines": [], "start_line": 174}, "_band_spans_chance": {"executed_lines": [191], "summary": {"covered_lines": 1, "num_statements": 1, "percent_covered": 100.0, "percent_covered_display": "100", "missing_lines": 0, "excluded_lines": 0, "percent_statements_covered": 100.0, "percent_statements_covered_display": "100"}, "missing_lines": [], "excluded_lines": [], "start_line": 184}, "_show_ghost": {"executed_lines": [204], "summary": {"covered_lines": 1, "num_statements": 1, "percent_covered": 100.0, "percent_covered_display": "100", "missing_lines": 0, "excluded_lines": 0, "percent_statements_covered": 100.0, "percent_statements_covered_display": "100"}, "missing_lines": [], "excluded_lines": [], "start_line": 194}, "_marker_px": {"executed_lines": [217], "summary": {"covered_lines": 1, "num_statements": 1, "percent_covered": 100.0, "percent_covered_display": "100", "missing_lines": 0, "excluded_lines": 0, "percent_statements_covered": 100.0, "percent_statements_covered_display": "100"}, "missing_lines": [], "excluded_lines": [], "start_line": 207}, "_arc_reach": {"executed_lines": [231, 232], "summary": {"covered_lines": 2, "num_statements": 2, "percent_covered": 100.0, "percent_covered_display": "100", "missing_lines": 0, "excluded_lines": 0, "percent_statements_covered": 100.0, "percent_statements_covered_display": "100"}, "missing_lines": [], "excluded_lines": [], "start_line": 220}, "_fallback_half_span": {"executed_lines": [], "summary": {"covered_lines": 0, "num_statements": 1, "percent_covered": 0.0, "percent_covered_display": "0", "missing_lines": 1, "excluded_lines": 0, "percent_statements_covered": 0.0, "percent_statements_covered_display": "0"}, "missing_lines": [245], "excluded_lines": [], "start_line": 235}, "_hover": {"executed_lines": [258, 264, 265, 277, 278, 279, 280, 282, 284, 299, 300, 302, 304, 305, 306, 307, 308, 309, 310, 312, 313, 317, 321, 322, 325], "summary": {"covered_lines": 25, "num_statements": 30, "percent_covered": 83.33333333333333, "percent_covered_display": "83", "missing_lines": 5, "excluded_lines": 0, "percent_statements_covered": 83.33333333333333, "percent_statements_covered_display": "83"}, "missing_lines": [283, 286, 318, 323, 324], "excluded_lines": [], "start_line": 248}, "_arc_spans": {"executed_lines": [341, 342, 345, 346, 347, 348, 349, 350, 351, 352, 353, 354, 356], "summary": {"covered_lines": 13, "num_statements": 15, "percent_covered": 86.66666666666667, "percent_covered_display": "87", "missing_lines": 2, "excluded_lines": 0, "percent_statements_covered": 86.66666666666667, "percent_statements_covered_display": "87"}, "missing_lines": [343, 344], "excluded_lines": [], "start_line": 328}, "orbit_figure": {"executed_lines": [382, 383, 384, 398, 400, 401, 402, 403, 404, 405, 412, 413, 426, 441, 442, 443, 444, 445, 452, 460, 461, 463, 464, 465, 466, 467, 473, 474, 475, 476, 477, 490, 491, 492, 493, 494, 503, 504, 505, 512, 513, 514, 524, 525, 526, 527, 528, 529, 538, 555, 556, 570, 571, 572, 573, 576, 577, 586, 587, 591, 596, 603, 604, 610, 625, 626, 627, 636, 637, 648, 659, 671], "summary": {"covered_lines": 72, "num_statements": 78, "percent_covered": 92.3076923076923, "percent_covered_display": "92", "missing_lines": 6, "excluded_lines": 0, "percent_statements_covered": 92.3076923076923, "percent_statements_covered_display": "92"}, "missing_lines": [540, 542, 574, 578, 579, 581], "excluded_lines": [], "start_line": 359}, "figure_html": {"executed_lines": [712, 714, 715], "summary": {"covered_lines": 3, "num_statements": 3, "percent_covered": 100.0, "percent_covered_display": "100", "missing_lines": 0, "excluded_lines": 0, "percent_statements_covered": 100.0, "percent_statements_covered_display": "100"}, "missing_lines": [], "excluded_lines": [], "start_line": 704}, "": {"executed_lines": [63, 65, 66, 68, 70, 72, 75, 76, 77, 78, 79, 80, 81, 82, 88, 89, 92, 102, 112, 132, 141, 151, 161, 174, 184, 194, 207, 220, 235, 248, 328, 359, 677, 704], "summary": {"covered_lines": 34, "num_statements": 34, "percent_covered": 100.0, "percent_covered_display": "100", "missing_lines": 0, "excluded_lines": 0, "percent_statements_covered": 100.0, "percent_statements_covered_display": "100"}, "missing_lines": [], "excluded_lines": [], "start_line": 1}}, "classes": {"": {"executed_lines": [63, 65, 66, 68, 70, 72, 75, 76, 77, 78, 79, 80, 81, 82, 88, 89, 92, 99, 102, 109, 112, 123, 124, 125, 126, 127, 128, 129, 132, 141, 148, 151, 158, 161, 171, 174, 181, 184, 191, 194, 204, 207, 217, 220, 231, 232, 235, 248, 258, 264, 265, 277, 278, 279, 280, 282, 284, 299, 300, 302, 304, 305, 306, 307, 308, 309, 310, 312, 313, 317, 321, 322, 325, 328, 341, 342, 345, 346, 347, 348, 349, 350, 351, 352, 353, 354, 356, 359, 382, 383, 384, 398, 400, 401, 402, 403, 404, 405, 412, 413, 426, 441, 442, 443, 444, 445, 452, 460, 461, 463, 464, 465, 466, 467, 473, 474, 475, 476, 477, 490, 491, 492, 493, 494, 503, 504, 505, 512, 513, 514, 524, 525, 526, 527, 528, 529, 538, 555, 556, 570, 571, 572, 573, 576, 577, 586, 587, 591, 596, 603, 604, 610, 625, 626, 627, 636, 637, 648, 659, 671, 677, 704, 712, 714, 715], "summary": {"covered_lines": 165, "num_statements": 179, "percent_covered": 92.17877094972067, "percent_covered_display": "92", "missing_lines": 14, "excluded_lines": 0, "percent_statements_covered": 92.17877094972067, "percent_statements_covered_display": "92"}, "missing_lines": [245, 283, 286, 318, 323, 324, 343, 344, 540, 542, 574, 578, 579, 581], "excluded_lines": [], "start_line": 1}}}}, "totals": {"covered_lines": 709, "num_statements": 799, "percent_covered": 88.73591989987484, "percent_covered_display": "89", "missing_lines": 90, "excluded_lines": 2, "percent_statements_covered": 88.73591989987484, "percent_statements_covered_display": "89"}}