{"meta": {"format": 3, "version": "7.16.1", "timestamp": "2026-09-16T08:34:58.898527", "branch_coverage": false, "show_contexts": false}, "files": {"/Users/aaron/Projects/Coding/mathema/mathema/__init__.py": {"executed_lines": [50, 52, 54, 59, 64, 65, 66, 67, 68, 71, 72, 73, 74, 75, 76, 77, 78, 83, 84, 85, 86, 88, 89, 91, 92, 93, 100, 101, 102, 103, 105, 106, 124, 125, 131, 132, 133, 141, 142, 143, 156, 158, 184, 188, 196, 211, 268, 341, 521, 559, 584, 587, 615, 627, 654, 655, 661, 662, 664, 673], "summary": {"covered_lines": 60, "num_statements": 249, "percent_covered": 24.096385542168676, "percent_covered_display": "24", "missing_lines": 189, "excluded_lines": 1, "percent_statements_covered": 24.096385542168676, "percent_statements_covered_display": "24"}, "missing_lines": [159, 161, 162, 165, 171, 172, 173, 174, 176, 177, 178, 179, 180, 181, 182, 185, 186, 192, 193, 203, 204, 205, 206, 207, 208, 215, 216, 218, 220, 221, 222, 223, 224, 225, 228, 229, 230, 231, 232, 233, 234, 235, 236, 237, 238, 239, 240, 241, 289, 291, 292, 293, 295, 296, 297, 298, 304, 305, 306, 307, 308, 309, 310, 311, 312, 313, 314, 315, 316, 317, 318, 319, 323, 324, 325, 326, 327, 329, 330, 331, 332, 335, 336, 337, 338, 422, 423, 424, 426, 430, 432, 433, 435, 439, 440, 441, 442, 443, 445, 450, 451, 452, 453, 455, 461, 462, 463, 464, 466, 467, 472, 474, 479, 484, 486, 487, 488, 492, 493, 494, 496, 500, 505, 507, 509, 510, 513, 515, 516, 517, 533, 534, 536, 537, 538, 539, 540, 541, 542, 543, 544, 552, 553, 555, 556, 569, 571, 573, 574, 575, 576, 577, 578, 579, 581, 607, 609, 610, 611, 612, 617, 618, 619, 620, 621, 623, 624, 632, 634, 635, 636, 637, 638, 639, 640, 641, 642, 643, 644, 645, 646, 648, 650, 665, 667, 668, 670, 680, 682], "excluded_lines": [560], "functions": {"Record.__repr__": {"executed_lines": [], "summary": {"covered_lines": 0, "num_statements": 15, "percent_covered": 0.0, "percent_covered_display": "0", "missing_lines": 15, "excluded_lines": 0, "percent_statements_covered": 0.0, "percent_statements_covered_display": "0"}, "missing_lines": [159, 161, 162, 165, 171, 172, 173, 174, 176, 177, 178, 179, 180, 181, 182], "excluded_lines": [], "start_line": 158}, "Record.to_spec": {"executed_lines": [], "summary": {"covered_lines": 0, "num_statements": 2, "percent_covered": 0.0, "percent_covered_display": "0", "missing_lines": 2, "excluded_lines": 0, "percent_statements_covered": 0.0, "percent_statements_covered_display": "0"}, "missing_lines": [185, 186], "excluded_lines": [], "start_line": 184}, "Record.save_spec": {"executed_lines": [], "summary": {"covered_lines": 0, "num_statements": 2, "percent_covered": 0.0, "percent_covered_display": "0", "missing_lines": 2, "excluded_lines": 0, "percent_statements_covered": 0.0, "percent_statements_covered_display": "0"}, "missing_lines": [192, 193], "excluded_lines": [], "start_line": 188}, "analyze": {"executed_lines": [], "summary": {"covered_lines": 0, "num_statements": 6, "percent_covered": 0.0, "percent_covered_display": "0", "missing_lines": 6, "excluded_lines": 0, "percent_statements_covered": 0.0, "percent_statements_covered_display": "0"}, "missing_lines": [203, 204, 205, 206, 207, 208], "excluded_lines": [], "start_line": 196}, "_doc_only_facts": {"executed_lines": [], "summary": {"covered_lines": 0, "num_statements": 23, "percent_covered": 0.0, "percent_covered_display": "0", "missing_lines": 23, "excluded_lines": 0, "percent_statements_covered": 0.0, "percent_statements_covered_display": "0"}, "missing_lines": [215, 216, 218, 220, 221, 222, 223, 224, 225, 228, 229, 230, 231, 232, 233, 234, 235, 236, 237, 238, 239, 240, 241], "excluded_lines": [], "start_line": 211}, "_expand_claim_keywords": {"executed_lines": [], "summary": {"covered_lines": 0, "num_statements": 37, "percent_covered": 0.0, "percent_covered_display": "0", "missing_lines": 37, "excluded_lines": 0, "percent_statements_covered": 0.0, "percent_statements_covered_display": "0"}, "missing_lines": [289, 291, 292, 293, 295, 296, 297, 298, 304, 305, 306, 307, 308, 309, 310, 311, 312, 313, 314, 315, 316, 317, 318, 319, 323, 324, 325, 326, 327, 329, 330, 331, 332, 335, 336, 337, 338], "excluded_lines": [], "start_line": 268}, "check": {"executed_lines": [], "summary": {"covered_lines": 0, "num_statements": 40, "percent_covered": 0.0, "percent_covered_display": "0", "missing_lines": 40, "excluded_lines": 0, "percent_statements_covered": 0.0, "percent_statements_covered_display": "0"}, "missing_lines": [422, 423, 424, 426, 430, 432, 433, 435, 445, 450, 451, 452, 453, 455, 461, 462, 463, 464, 466, 467, 472, 474, 479, 484, 486, 487, 488, 492, 493, 494, 496, 500, 505, 507, 509, 510, 513, 515, 516, 517], "excluded_lines": [], "start_line": 341}, "check._stamp_surface": {"executed_lines": [], "summary": {"covered_lines": 0, "num_statements": 5, "percent_covered": 0.0, "percent_covered_display": "0", "missing_lines": 5, "excluded_lines": 0, "percent_statements_covered": 0.0, "percent_statements_covered_display": "0"}, "missing_lines": [439, 440, 441, 442, 443], "excluded_lines": [], "start_line": 435}, "write_spec": {"executed_lines": [], "summary": {"covered_lines": 0, "num_statements": 15, "percent_covered": 0.0, "percent_covered_display": "0", "missing_lines": 15, "excluded_lines": 0, "percent_statements_covered": 0.0, "percent_statements_covered_display": "0"}, "missing_lines": [533, 534, 536, 537, 538, 539, 540, 541, 542, 543, 544, 552, 553, 555, 556], "excluded_lines": [], "start_line": 521}, "load_ipython_extension": {"executed_lines": [], "summary": {"covered_lines": 0, "num_statements": 4, "percent_covered": 0.0, "percent_covered_display": "0", "missing_lines": 4, "excluded_lines": 1, "percent_statements_covered": 0.0, "percent_statements_covered_display": "0"}, "missing_lines": [569, 571, 573, 581], "excluded_lines": [560], "start_line": 559}, "load_ipython_extension.mathema_cell": {"executed_lines": [], "summary": {"covered_lines": 0, "num_statements": 6, "percent_covered": 0.0, "percent_covered_display": "0", "missing_lines": 6, "excluded_lines": 0, "percent_statements_covered": 0.0, "percent_statements_covered_display": "0"}, "missing_lines": [574, 575, 576, 577, 578, 579], "excluded_lines": [], "start_line": 573}, "track_claims": {"executed_lines": [], "summary": {"covered_lines": 0, "num_statements": 5, "percent_covered": 0.0, "percent_covered_display": "0", "missing_lines": 5, "excluded_lines": 0, "percent_statements_covered": 0.0, "percent_statements_covered_display": "0"}, "missing_lines": [607, 609, 610, 611, 612], "excluded_lines": [], "start_line": 587}, "tagged": {"executed_lines": [], "summary": {"covered_lines": 0, "num_statements": 7, "percent_covered": 0.0, "percent_covered_display": "0", "missing_lines": 7, "excluded_lines": 0, "percent_statements_covered": 0.0, "percent_statements_covered_display": "0"}, "missing_lines": [617, 618, 619, 620, 621, 623, 624], "excluded_lines": [], "start_line": 615}, "status": {"executed_lines": [], "summary": {"covered_lines": 0, "num_statements": 16, "percent_covered": 0.0, "percent_covered_display": "0", "missing_lines": 16, "excluded_lines": 0, "percent_statements_covered": 0.0, "percent_statements_covered_display": "0"}, "missing_lines": [632, 634, 635, 636, 637, 638, 639, 640, 641, 642, 643, 644, 645, 646, 648, 650], "excluded_lines": [], "start_line": 627}, "DocstringReport.__repr__": {"executed_lines": [], "summary": {"covered_lines": 0, "num_statements": 4, "percent_covered": 0.0, "percent_covered_display": "0", "missing_lines": 4, "excluded_lines": 0, "percent_statements_covered": 0.0, "percent_statements_covered_display": "0"}, "missing_lines": [665, 667, 668, 670], "excluded_lines": [], "start_line": 664}, "docstring_report": {"executed_lines": [], "summary": {"covered_lines": 0, "num_statements": 2, "percent_covered": 0.0, "percent_covered_display": "0", "missing_lines": 2, "excluded_lines": 0, "percent_statements_covered": 0.0, "percent_statements_covered_display": "0"}, "missing_lines": [680, 682], "excluded_lines": [], "start_line": 673}, "": {"executed_lines": [50, 52, 54, 59, 64, 65, 66, 67, 68, 71, 72, 73, 74, 75, 76, 77, 78, 83, 84, 85, 86, 88, 89, 91, 92, 93, 100, 101, 102, 103, 105, 106, 124, 125, 131, 132, 133, 141, 142, 143, 156, 158, 184, 188, 196, 211, 268, 341, 521, 559, 584, 587, 615, 627, 654, 655, 661, 662, 664, 673], "summary": {"covered_lines": 60, "num_statements": 60, "percent_covered": 100.0, "percent_covered_display": "100", "missing_lines": 0, "excluded_lines": 0, "percent_statements_covered": 100.0, "percent_statements_covered_display": "100"}, "missing_lines": [], "excluded_lines": [], "start_line": 1}}, "classes": {"Record": {"executed_lines": [], "summary": {"covered_lines": 0, "num_statements": 19, "percent_covered": 0.0, "percent_covered_display": "0", "missing_lines": 19, "excluded_lines": 0, "percent_statements_covered": 0.0, "percent_statements_covered_display": "0"}, "missing_lines": [159, 161, 162, 165, 171, 172, 173, 174, 176, 177, 178, 179, 180, 181, 182, 185, 186, 192, 193], "excluded_lines": [], "start_line": 125}, "DocstringReport": {"executed_lines": [], "summary": {"covered_lines": 0, "num_statements": 4, "percent_covered": 0.0, "percent_covered_display": "0", "missing_lines": 4, "excluded_lines": 0, "percent_statements_covered": 0.0, "percent_statements_covered_display": "0"}, "missing_lines": [665, 667, 668, 670], "excluded_lines": [], "start_line": 655}, "": {"executed_lines": [50, 52, 54, 59, 64, 65, 66, 67, 68, 71, 72, 73, 74, 75, 76, 77, 78, 83, 84, 85, 86, 88, 89, 91, 92, 93, 100, 101, 102, 103, 105, 106, 124, 125, 131, 132, 133, 141, 142, 143, 156, 158, 184, 188, 196, 211, 268, 341, 521, 559, 584, 587, 615, 627, 654, 655, 661, 662, 664, 673], "summary": {"covered_lines": 60, "num_statements": 226, "percent_covered": 26.548672566371682, "percent_covered_display": "27", "missing_lines": 166, "excluded_lines": 1, "percent_statements_covered": 26.548672566371682, "percent_statements_covered_display": "27"}, "missing_lines": [203, 204, 205, 206, 207, 208, 215, 216, 218, 220, 221, 222, 223, 224, 225, 228, 229, 230, 231, 232, 233, 234, 235, 236, 237, 238, 239, 240, 241, 289, 291, 292, 293, 295, 296, 297, 298, 304, 305, 306, 307, 308, 309, 310, 311, 312, 313, 314, 315, 316, 317, 318, 319, 323, 324, 325, 326, 327, 329, 330, 331, 332, 335, 336, 337, 338, 422, 423, 424, 426, 430, 432, 433, 435, 439, 440, 441, 442, 443, 445, 450, 451, 452, 453, 455, 461, 462, 463, 464, 466, 467, 472, 474, 479, 484, 486, 487, 488, 492, 493, 494, 496, 500, 505, 507, 509, 510, 513, 515, 516, 517, 533, 534, 536, 537, 538, 539, 540, 541, 542, 543, 544, 552, 553, 555, 556, 569, 571, 573, 574, 575, 576, 577, 578, 579, 581, 607, 609, 610, 611, 612, 617, 618, 619, 620, 621, 623, 624, 632, 634, 635, 636, 637, 638, 639, 640, 641, 642, 643, 644, 645, 646, 648, 650, 680, 682], "excluded_lines": [560], "start_line": 1}}}, "/Users/aaron/Projects/Coding/mathema/mathema/_math_vocab.py": {"executed_lines": [14, 16, 17, 19, 21, 106, 116, 118, 139, 146, 147, 157, 163], "summary": {"covered_lines": 13, "num_statements": 23, "percent_covered": 56.52173913043478, "percent_covered_display": "57", "missing_lines": 10, "excluded_lines": 0, "percent_statements_covered": 56.52173913043478, "percent_statements_covered_display": "57"}, "missing_lines": [158, 159, 160, 174, 176, 177, 178, 179, 180, 181], "excluded_lines": [], "functions": {"_root_name": {"executed_lines": [], "summary": {"covered_lines": 0, "num_statements": 3, "percent_covered": 0.0, "percent_covered_display": "0", "missing_lines": 3, "excluded_lines": 0, "percent_statements_covered": 0.0, "percent_statements_covered_display": "0"}, "missing_lines": [158, 159, 160], "excluded_lines": [], "start_line": 157}, "_call_name": {"executed_lines": [], "summary": {"covered_lines": 0, "num_statements": 7, "percent_covered": 0.0, "percent_covered_display": "0", "missing_lines": 7, "excluded_lines": 0, "percent_statements_covered": 0.0, "percent_statements_covered_display": "0"}, "missing_lines": [174, 176, 177, 178, 179, 180, 181], "excluded_lines": [], "start_line": 163}, "": {"executed_lines": [14, 16, 17, 19, 21, 106, 116, 118, 139, 146, 147, 157, 163], "summary": {"covered_lines": 13, "num_statements": 13, "percent_covered": 100.0, "percent_covered_display": "100", "missing_lines": 0, "excluded_lines": 0, "percent_statements_covered": 100.0, "percent_statements_covered_display": "100"}, "missing_lines": [], "excluded_lines": [], "start_line": 1}}, "classes": {"": {"executed_lines": [14, 16, 17, 19, 21, 106, 116, 118, 139, 146, 147, 157, 163], "summary": {"covered_lines": 13, "num_statements": 23, "percent_covered": 56.52173913043478, "percent_covered_display": "57", "missing_lines": 10, "excluded_lines": 0, "percent_statements_covered": 56.52173913043478, "percent_statements_covered_display": "57"}, "missing_lines": [158, 159, 160, 174, 176, 177, 178, 179, 180, 181], "excluded_lines": [], "start_line": 1}}}, "/Users/aaron/Projects/Coding/mathema/mathema/_render_mode.py": {"executed_lines": [19, 21, 23, 26, 36], "summary": {"covered_lines": 5, "num_statements": 7, "percent_covered": 71.42857142857143, "percent_covered_display": "71", "missing_lines": 2, "excluded_lines": 0, "percent_statements_covered": 71.42857142857143, "percent_statements_covered_display": "71"}, "missing_lines": [33, 41], "excluded_lines": [], "functions": {"set_unicode_output": {"executed_lines": [], "summary": {"covered_lines": 0, "num_statements": 1, "percent_covered": 0.0, "percent_covered_display": "0", "missing_lines": 1, "excluded_lines": 0, "percent_statements_covered": 0.0, "percent_statements_covered_display": "0"}, "missing_lines": [33], "excluded_lines": [], "start_line": 26}, "get_unicode_output": {"executed_lines": [], "summary": {"covered_lines": 0, "num_statements": 1, "percent_covered": 0.0, "percent_covered_display": "0", "missing_lines": 1, "excluded_lines": 0, "percent_statements_covered": 0.0, "percent_statements_covered_display": "0"}, "missing_lines": [41], "excluded_lines": [], "start_line": 36}, "": {"executed_lines": [19, 21, 23, 26, 36], "summary": {"covered_lines": 5, "num_statements": 5, "percent_covered": 100.0, "percent_covered_display": "100", "missing_lines": 0, "excluded_lines": 0, "percent_statements_covered": 100.0, "percent_statements_covered_display": "100"}, "missing_lines": [], "excluded_lines": [], "start_line": 1}}, "classes": {"": {"executed_lines": [19, 21, 23, 26, 36], "summary": {"covered_lines": 5, "num_statements": 7, "percent_covered": 71.42857142857143, "percent_covered_display": "71", "missing_lines": 2, "excluded_lines": 0, "percent_statements_covered": 71.42857142857143, "percent_statements_covered_display": "71"}, "missing_lines": [33, 41], "excluded_lines": [], "start_line": 1}}}, "/Users/aaron/Projects/Coding/mathema/mathema/_sampling.py": {"executed_lines": [11, 13, 14, 16, 17, 18, 21, 31, 54, 60, 67, 71], "summary": {"covered_lines": 12, "num_statements": 55, "percent_covered": 21.818181818181817, "percent_covered_display": "22", "missing_lines": 43, "excluded_lines": 0, "percent_statements_covered": 21.818181818181817, "percent_statements_covered_display": "22"}, "missing_lines": [22, 23, 24, 25, 26, 27, 28, 55, 56, 57, 58, 61, 62, 63, 64, 65, 68, 100, 101, 102, 103, 104, 105, 106, 107, 109, 110, 111, 112, 113, 114, 115, 116, 117, 121, 122, 123, 124, 127, 128, 129, 130, 131], "excluded_lines": [], "functions": {"_finite_bounds": {"executed_lines": [], "summary": {"covered_lines": 0, "num_statements": 7, "percent_covered": 0.0, "percent_covered_display": "0", "missing_lines": 7, "excluded_lines": 0, "percent_statements_covered": 0.0, "percent_statements_covered_display": "0"}, "missing_lines": [22, 23, 24, 25, 26, 27, 28], "excluded_lines": [], "start_line": 21}, "_SpecialCycle.__init__": {"executed_lines": [], "summary": {"covered_lines": 0, "num_statements": 4, "percent_covered": 0.0, "percent_covered_display": "0", "missing_lines": 4, "excluded_lines": 0, "percent_statements_covered": 0.0, "percent_statements_covered_display": "0"}, "missing_lines": [55, 56, 57, 58], "excluded_lines": [], "start_line": 54}, "_SpecialCycle.next": {"executed_lines": [], "summary": {"covered_lines": 0, "num_statements": 5, "percent_covered": 0.0, "percent_covered_display": "0", "missing_lines": 5, "excluded_lines": 0, "percent_statements_covered": 0.0, "percent_statements_covered_display": "0"}, "missing_lines": [61, 62, 63, 64, 65], "excluded_lines": [], "start_line": 60}, "_SpecialCycle.guaranteed_remaining": {"executed_lines": [], "summary": {"covered_lines": 0, "num_statements": 1, "percent_covered": 0.0, "percent_covered_display": "0", "missing_lines": 1, "excluded_lines": 0, "percent_statements_covered": 0.0, "percent_statements_covered_display": "0"}, "missing_lines": [68], "excluded_lines": [], "start_line": 67}, "_synth_scalar": {"executed_lines": [], "summary": {"covered_lines": 0, "num_statements": 26, "percent_covered": 0.0, "percent_covered_display": "0", "missing_lines": 26, "excluded_lines": 0, "percent_statements_covered": 0.0, "percent_statements_covered_display": "0"}, "missing_lines": [100, 101, 102, 103, 104, 105, 106, 107, 109, 110, 111, 112, 113, 114, 115, 116, 117, 121, 122, 123, 124, 127, 128, 129, 130, 131], "excluded_lines": [], "start_line": 71}, "": {"executed_lines": [11, 13, 14, 16, 17, 18, 21, 31, 54, 60, 67, 71], "summary": {"covered_lines": 12, "num_statements": 12, "percent_covered": 100.0, "percent_covered_display": "100", "missing_lines": 0, "excluded_lines": 0, "percent_statements_covered": 100.0, "percent_statements_covered_display": "100"}, "missing_lines": [], "excluded_lines": [], "start_line": 1}}, "classes": {"_SpecialCycle": {"executed_lines": [], "summary": {"covered_lines": 0, "num_statements": 10, "percent_covered": 0.0, "percent_covered_display": "0", "missing_lines": 10, "excluded_lines": 0, "percent_statements_covered": 0.0, "percent_statements_covered_display": "0"}, "missing_lines": [55, 56, 57, 58, 61, 62, 63, 64, 65, 68], "excluded_lines": [], "start_line": 31}, "": {"executed_lines": [11, 13, 14, 16, 17, 18, 21, 31, 54, 60, 67, 71], "summary": {"covered_lines": 12, "num_statements": 45, "percent_covered": 26.666666666666668, "percent_covered_display": "27", "missing_lines": 33, "excluded_lines": 0, "percent_statements_covered": 26.666666666666668, "percent_statements_covered_display": "27"}, "missing_lines": [22, 23, 24, 25, 26, 27, 28, 100, 101, 102, 103, 104, 105, 106, 107, 109, 110, 111, 112, 113, 114, 115, 116, 117, 121, 122, 123, 124, 127, 128, 129, 130, 131], "excluded_lines": [], "start_line": 1}}}, "/Users/aaron/Projects/Coding/mathema/mathema/_scan.py": {"executed_lines": [6, 9], "summary": {"covered_lines": 2, "num_statements": 16, "percent_covered": 12.5, "percent_covered_display": "12", "missing_lines": 14, "excluded_lines": 0, "percent_statements_covered": 12.5, "percent_statements_covered_display": "12"}, "missing_lines": [12, 13, 14, 15, 16, 17, 18, 19, 20, 21, 22, 24, 25, 26], "excluded_lines": [], "functions": {"_split_commas": {"executed_lines": [], "summary": {"covered_lines": 0, "num_statements": 14, "percent_covered": 0.0, "percent_covered_display": "0", "missing_lines": 14, "excluded_lines": 0, "percent_statements_covered": 0.0, "percent_statements_covered_display": "0"}, "missing_lines": [12, 13, 14, 15, 16, 17, 18, 19, 20, 21, 22, 24, 25, 26], "excluded_lines": [], "start_line": 9}, "": {"executed_lines": [6, 9], "summary": {"covered_lines": 2, "num_statements": 2, "percent_covered": 100.0, "percent_covered_display": "100", "missing_lines": 0, "excluded_lines": 0, "percent_statements_covered": 100.0, "percent_statements_covered_display": "100"}, "missing_lines": [], "excluded_lines": [], "start_line": 1}}, "classes": {"": {"executed_lines": [6, 9], "summary": {"covered_lines": 2, "num_statements": 16, "percent_covered": 12.5, "percent_covered_display": "12", "missing_lines": 14, "excluded_lines": 0, "percent_statements_covered": 12.5, "percent_statements_covered_display": "12"}, "missing_lines": [12, 13, 14, 15, 16, 17, 18, 19, 20, 21, 22, 24, 25, 26], "excluded_lines": [], "start_line": 1}}}, "/Users/aaron/Projects/Coding/mathema/mathema/_timeout.py": {"executed_lines": [10, 12, 13, 14, 15, 18, 25, 26, 27, 41, 42, 44, 48, 59, 60, 74, 128], "summary": {"covered_lines": 17, "num_statements": 50, "percent_covered": 34.0, "percent_covered_display": "34", "missing_lines": 33, "excluded_lines": 0, "percent_statements_covered": 34.0, "percent_statements_covered_display": "34"}, "missing_lines": [28, 29, 30, 31, 32, 55, 56, 67, 68, 69, 71, 84, 85, 87, 96, 98, 100, 101, 102, 103, 108, 109, 111, 113, 114, 115, 116, 117, 119, 120, 121, 122, 125], "excluded_lines": [], "functions": {"_seconds_from_env": {"executed_lines": [25, 26, 27], "summary": {"covered_lines": 3, "num_statements": 8, "percent_covered": 37.5, "percent_covered_display": "38", "missing_lines": 5, "excluded_lines": 0, "percent_statements_covered": 37.5, "percent_statements_covered_display": "38"}, "missing_lines": [28, 29, 30, 31, 32], "excluded_lines": [], "start_line": 18}, "lowering_cap": {"executed_lines": [], "summary": {"covered_lines": 0, "num_statements": 2, "percent_covered": 0.0, "percent_covered_display": "0", "missing_lines": 2, "excluded_lines": 0, "percent_statements_covered": 0.0, "percent_statements_covered_display": "0"}, "missing_lines": [55, 56], "excluded_lines": [], "start_line": 48}, "tier_budget": {"executed_lines": [], "summary": {"covered_lines": 0, "num_statements": 4, "percent_covered": 0.0, "percent_covered_display": "0", "missing_lines": 4, "excluded_lines": 0, "percent_statements_covered": 0.0, "percent_statements_covered_display": "0"}, "missing_lines": [67, 68, 69, 71], "excluded_lines": [], "start_line": 60}, "_with_timeout": {"executed_lines": [], "summary": {"covered_lines": 0, "num_statements": 21, "percent_covered": 0.0, "percent_covered_display": "0", "missing_lines": 21, "excluded_lines": 0, "percent_statements_covered": 0.0, "percent_statements_covered_display": "0"}, "missing_lines": [84, 85, 87, 98, 100, 101, 102, 103, 108, 109, 111, 113, 114, 115, 116, 117, 119, 120, 121, 122, 125], "excluded_lines": [], "start_line": 74}, "_with_timeout._handler": {"executed_lines": [], "summary": {"covered_lines": 0, "num_statements": 1, "percent_covered": 0.0, "percent_covered_display": "0", "missing_lines": 1, "excluded_lines": 0, "percent_statements_covered": 0.0, "percent_statements_covered_display": "0"}, "missing_lines": [96], "excluded_lines": [], "start_line": 87}, "": {"executed_lines": [10, 12, 13, 14, 15, 18, 41, 42, 44, 48, 59, 60, 74, 128], "summary": {"covered_lines": 14, "num_statements": 14, "percent_covered": 100.0, "percent_covered_display": "100", "missing_lines": 0, "excluded_lines": 0, "percent_statements_covered": 100.0, "percent_statements_covered_display": "100"}, "missing_lines": [], "excluded_lines": [], "start_line": 1}}, "classes": {"_WallClockExpired": {"executed_lines": [], "summary": {"covered_lines": 0, "num_statements": 0, "percent_covered": 100.0, "percent_covered_display": "100", "missing_lines": 0, "excluded_lines": 0, "percent_statements_covered": 100.0, "percent_statements_covered_display": "100"}, "missing_lines": [], "excluded_lines": [], "start_line": 128}, "": {"executed_lines": [10, 12, 13, 14, 15, 18, 25, 26, 27, 41, 42, 44, 48, 59, 60, 74, 128], "summary": {"covered_lines": 17, "num_statements": 50, "percent_covered": 34.0, "percent_covered_display": "34", "missing_lines": 33, "excluded_lines": 0, "percent_statements_covered": 34.0, "percent_statements_covered_display": "34"}, "missing_lines": [28, 29, 30, 31, 32, 55, 56, 67, 68, 69, 71, 84, 85, 87, 96, 98, 100, 101, 102, 103, 108, 109, 111, 113, 114, 115, 116, 117, 119, 120, 121, 122, 125], "excluded_lines": [], "start_line": 1}}}, "/Users/aaron/Projects/Coding/mathema/mathema/analysis.py": {"executed_lines": [8, 10, 11, 12, 13, 14, 15, 16, 18, 19, 21, 22, 23, 24, 27, 33, 36, 39, 40, 52, 53, 54, 55, 56, 57, 58, 59, 62, 63, 72, 73, 74, 75, 76, 77, 78, 79, 80, 81, 82, 83, 84, 85, 86, 87, 88, 89, 90, 91, 92, 93, 94, 100, 101, 102, 105, 107, 108, 109, 110, 113, 115, 119, 125, 132, 169, 217, 236, 323, 346, 377, 407, 443, 500, 538, 558, 569, 601, 625, 645, 662, 762, 765, 778, 779, 782, 823, 833, 922], "summary": {"covered_lines": 89, "num_statements": 521, "percent_covered": 17.08253358925144, "percent_covered_display": "17", "missing_lines": 432, "excluded_lines": 0, "percent_statements_covered": 17.08253358925144, "percent_statements_covered_display": "17"}, "missing_lines": [120, 121, 122, 136, 137, 138, 139, 145, 146, 149, 154, 156, 157, 160, 165, 166, 192, 193, 194, 195, 196, 197, 198, 199, 200, 201, 202, 203, 204, 205, 206, 207, 208, 209, 210, 211, 212, 213, 214, 224, 225, 226, 227, 228, 229, 231, 232, 233, 237, 238, 241, 242, 243, 244, 245, 246, 247, 248, 250, 251, 252, 253, 261, 262, 263, 264, 269, 270, 271, 272, 276, 277, 278, 279, 280, 281, 282, 283, 290, 294, 295, 296, 297, 298, 299, 300, 301, 302, 303, 304, 305, 306, 307, 308, 309, 313, 314, 315, 316, 317, 319, 320, 330, 331, 332, 333, 334, 335, 336, 337, 338, 339, 340, 341, 342, 343, 355, 356, 357, 359, 360, 361, 362, 363, 364, 365, 366, 367, 368, 369, 370, 371, 372, 373, 374, 378, 379, 380, 383, 384, 385, 386, 387, 388, 389, 390, 391, 392, 393, 394, 395, 396, 397, 398, 399, 400, 401, 402, 403, 404, 408, 410, 411, 412, 414, 416, 417, 418, 419, 420, 421, 422, 423, 424, 425, 426, 427, 428, 429, 430, 431, 432, 433, 434, 435, 436, 437, 438, 439, 440, 444, 445, 447, 448, 449, 451, 452, 453, 454, 455, 456, 457, 458, 461, 462, 463, 464, 466, 471, 472, 474, 475, 482, 492, 497, 501, 502, 503, 504, 505, 506, 507, 509, 510, 512, 513, 515, 518, 520, 521, 522, 523, 526, 529, 530, 531, 535, 539, 540, 541, 543, 545, 546, 549, 550, 551, 552, 554, 555, 559, 560, 561, 562, 564, 565, 566, 570, 571, 572, 575, 576, 577, 578, 579, 580, 581, 582, 583, 584, 585, 586, 587, 588, 589, 590, 591, 592, 593, 594, 596, 597, 598, 604, 605, 607, 608, 610, 611, 612, 613, 614, 615, 616, 617, 619, 620, 621, 622, 631, 632, 633, 634, 635, 636, 637, 638, 641, 642, 656, 658, 670, 691, 692, 693, 694, 695, 696, 697, 698, 699, 700, 701, 702, 709, 711, 712, 713, 714, 715, 716, 718, 719, 720, 721, 722, 723, 724, 725, 726, 727, 728, 731, 732, 733, 734, 735, 736, 737, 738, 739, 740, 741, 742, 743, 744, 745, 750, 751, 752, 753, 754, 755, 756, 759, 771, 772, 773, 774, 775, 798, 799, 800, 801, 802, 803, 804, 805, 806, 807, 808, 809, 810, 811, 812, 813, 814, 815, 816, 817, 818, 819, 820, 828, 841, 842, 843, 844, 845, 846, 847, 848, 849, 854, 855, 857, 858, 859, 860, 861, 862, 866, 867, 868, 869, 875, 876, 877, 878, 879, 880, 881, 882, 883, 884, 885, 931, 932, 933, 934, 935, 936, 937], "excluded_lines": [], "functions": {"_root_name": {"executed_lines": [], "summary": {"covered_lines": 0, "num_statements": 3, "percent_covered": 0.0, "percent_covered_display": "0", "missing_lines": 3, "excluded_lines": 0, "percent_statements_covered": 0.0, "percent_statements_covered_display": "0"}, "missing_lines": [120, 121, 122], "excluded_lines": [], "start_line": 119}, "get_tree": {"executed_lines": [], "summary": {"covered_lines": 0, "num_statements": 13, "percent_covered": 0.0, "percent_covered_display": "0", "missing_lines": 13, "excluded_lines": 0, "percent_statements_covered": 0.0, "percent_statements_covered_display": "0"}, "missing_lines": [136, 137, 138, 139, 145, 146, 149, 154, 156, 157, 160, 165, 166], "excluded_lines": [], "start_line": 132}, "_read_block": {"executed_lines": [], "summary": {"covered_lines": 0, "num_statements": 23, "percent_covered": 0.0, "percent_covered_display": "0", "missing_lines": 23, "excluded_lines": 0, "percent_statements_covered": 0.0, "percent_statements_covered_display": "0"}, "missing_lines": [192, 193, 194, 195, 196, 197, 198, 199, 200, 201, 202, 203, 204, 205, 206, 207, 208, 209, 210, 211, 212, 213, 214], "excluded_lines": [], "start_line": 169}, "_parse_concepts_marker": {"executed_lines": [], "summary": {"covered_lines": 0, "num_statements": 9, "percent_covered": 0.0, "percent_covered_display": "0", "missing_lines": 9, "excluded_lines": 0, "percent_statements_covered": 0.0, "percent_statements_covered_display": "0"}, "missing_lines": [224, 225, 226, 227, 228, 229, 231, 232, 233], "excluded_lines": [], "start_line": 217}, "_param_kinds": {"executed_lines": [], "summary": {"covered_lines": 0, "num_statements": 54, "percent_covered": 0.0, "percent_covered_display": "0", "missing_lines": 54, "excluded_lines": 0, "percent_statements_covered": 0.0, "percent_statements_covered_display": "0"}, "missing_lines": [237, 238, 241, 242, 243, 244, 245, 246, 247, 248, 250, 251, 252, 253, 261, 262, 263, 264, 269, 270, 271, 272, 276, 277, 278, 279, 280, 281, 282, 283, 290, 294, 295, 296, 297, 298, 299, 300, 301, 302, 303, 304, 305, 306, 307, 308, 309, 313, 314, 315, 316, 317, 319, 320], "excluded_lines": [], "start_line": 236}, "_literal_kind": {"executed_lines": [], "summary": {"covered_lines": 0, "num_statements": 14, "percent_covered": 0.0, "percent_covered_display": "0", "missing_lines": 14, "excluded_lines": 0, "percent_statements_covered": 0.0, "percent_statements_covered_display": "0"}, "missing_lines": [330, 331, 332, 333, 334, 335, 336, 337, 338, 339, 340, 341, 342, 343], "excluded_lines": [], "start_line": 323}, "finite_annotation_domains": {"executed_lines": [], "summary": {"covered_lines": 0, "num_statements": 19, "percent_covered": 0.0, "percent_covered_display": "0", "missing_lines": 19, "excluded_lines": 0, "percent_statements_covered": 0.0, "percent_statements_covered_display": "0"}, "missing_lines": [355, 356, 357, 359, 360, 361, 362, 363, 364, 365, 366, 367, 368, 369, 370, 371, 372, 373, 374], "excluded_lines": [], "start_line": 346}, "_returns_kind": {"executed_lines": [], "summary": {"covered_lines": 0, "num_statements": 25, "percent_covered": 0.0, "percent_covered_display": "0", "missing_lines": 25, "excluded_lines": 0, "percent_statements_covered": 0.0, "percent_statements_covered_display": "0"}, "missing_lines": [378, 379, 380, 383, 384, 385, 386, 387, 388, 389, 390, 391, 392, 393, 394, 395, 396, 397, 398, 399, 400, 401, 402, 403, 404], "excluded_lines": [], "start_line": 377}, "_effects": {"executed_lines": [], "summary": {"covered_lines": 0, "num_statements": 28, "percent_covered": 0.0, "percent_covered_display": "0", "missing_lines": 28, "excluded_lines": 0, "percent_statements_covered": 0.0, "percent_statements_covered_display": "0"}, "missing_lines": [408, 410, 414, 416, 417, 418, 419, 420, 421, 422, 423, 424, 425, 426, 427, 428, 429, 430, 431, 432, 433, 434, 435, 436, 437, 438, 439, 440], "excluded_lines": [], "start_line": 407}, "_effects.note": {"executed_lines": [], "summary": {"covered_lines": 0, "num_statements": 2, "percent_covered": 0.0, "percent_covered_display": "0", "missing_lines": 2, "excluded_lines": 0, "percent_statements_covered": 0.0, "percent_statements_covered_display": "0"}, "missing_lines": [411, 412], "excluded_lines": [], "start_line": 410}, "_loops": {"executed_lines": [], "summary": {"covered_lines": 0, "num_statements": 11, "percent_covered": 0.0, "percent_covered_display": "0", "missing_lines": 11, "excluded_lines": 0, "percent_statements_covered": 0.0, "percent_statements_covered_display": "0"}, "missing_lines": [444, 445, 447, 466, 471, 472, 474, 475, 482, 492, 497], "excluded_lines": [], "start_line": 443}, "_loops.scan": {"executed_lines": [], "summary": {"covered_lines": 0, "num_statements": 14, "percent_covered": 0.0, "percent_covered_display": "0", "missing_lines": 14, "excluded_lines": 0, "percent_statements_covered": 0.0, "percent_statements_covered_display": "0"}, "missing_lines": [448, 449, 451, 452, 453, 454, 455, 456, 457, 458, 461, 462, 463, 464], "excluded_lines": [], "start_line": 447}, "_classify_for": {"executed_lines": [], "summary": {"covered_lines": 0, "num_statements": 22, "percent_covered": 0.0, "percent_covered_display": "0", "missing_lines": 22, "excluded_lines": 0, "percent_statements_covered": 0.0, "percent_statements_covered_display": "0"}, "missing_lines": [501, 502, 503, 504, 505, 506, 507, 509, 510, 512, 513, 515, 518, 520, 521, 522, 523, 526, 529, 530, 531, 535], "excluded_lines": [], "start_line": 500}, "_comprehensions": {"executed_lines": [], "summary": {"covered_lines": 0, "num_statements": 12, "percent_covered": 0.0, "percent_covered_display": "0", "missing_lines": 12, "excluded_lines": 0, "percent_statements_covered": 0.0, "percent_statements_covered_display": "0"}, "missing_lines": [539, 540, 541, 543, 545, 546, 549, 550, 551, 552, 554, 555], "excluded_lines": [], "start_line": 538}, "_max_depth": {"executed_lines": [], "summary": {"covered_lines": 0, "num_statements": 2, "percent_covered": 0.0, "percent_covered_display": "0", "missing_lines": 2, "excluded_lines": 0, "percent_statements_covered": 0.0, "percent_statements_covered_display": "0"}, "missing_lines": [559, 566], "excluded_lines": [], "start_line": 558}, "_max_depth.depth": {"executed_lines": [], "summary": {"covered_lines": 0, "num_statements": 5, "percent_covered": 0.0, "percent_covered_display": "0", "missing_lines": 5, "excluded_lines": 0, "percent_statements_covered": 0.0, "percent_statements_covered_display": "0"}, "missing_lines": [560, 561, 562, 564, 565], "excluded_lines": [], "start_line": 559}, "_call_groups": {"executed_lines": [], "summary": {"covered_lines": 0, "num_statements": 26, "percent_covered": 0.0, "percent_covered_display": "0", "missing_lines": 26, "excluded_lines": 0, "percent_statements_covered": 0.0, "percent_statements_covered_display": "0"}, "missing_lines": [570, 571, 572, 575, 576, 577, 578, 579, 580, 581, 582, 583, 584, 585, 586, 587, 588, 589, 590, 591, 592, 593, 594, 596, 597, 598], "excluded_lines": [], "start_line": 569}, "_guards": {"executed_lines": [], "summary": {"covered_lines": 0, "num_statements": 15, "percent_covered": 0.0, "percent_covered_display": "0", "missing_lines": 15, "excluded_lines": 0, "percent_statements_covered": 0.0, "percent_statements_covered_display": "0"}, "missing_lines": [604, 605, 607, 610, 611, 612, 613, 614, 615, 616, 617, 619, 620, 621, 622], "excluded_lines": [], "start_line": 601}, "_guards.names_in": {"executed_lines": [], "summary": {"covered_lines": 0, "num_statements": 1, "percent_covered": 0.0, "percent_covered_display": "0", "missing_lines": 1, "excluded_lines": 0, "percent_statements_covered": 0.0, "percent_statements_covered_display": "0"}, "missing_lines": [608], "excluded_lines": [], "start_line": 607}, "_nested_bound_names": {"executed_lines": [], "summary": {"covered_lines": 0, "num_statements": 10, "percent_covered": 0.0, "percent_covered_display": "0", "missing_lines": 10, "excluded_lines": 0, "percent_statements_covered": 0.0, "percent_statements_covered_display": "0"}, "missing_lines": [631, 632, 633, 634, 635, 636, 637, 638, 641, 642], "excluded_lines": [], "start_line": 625}, "_is_definitional": {"executed_lines": [], "summary": {"covered_lines": 0, "num_statements": 2, "percent_covered": 0.0, "percent_covered_display": "0", "missing_lines": 2, "excluded_lines": 0, "percent_statements_covered": 0.0, "percent_statements_covered_display": "0"}, "missing_lines": [656, 658], "excluded_lines": [], "start_line": 645}, "_global_captures": {"executed_lines": [], "summary": {"covered_lines": 0, "num_statements": 54, "percent_covered": 0.0, "percent_covered_display": "0", "missing_lines": 54, "excluded_lines": 0, "percent_statements_covered": 0.0, "percent_statements_covered_display": "0"}, "missing_lines": [670, 691, 692, 693, 694, 695, 696, 697, 698, 699, 700, 701, 702, 709, 711, 712, 713, 714, 715, 716, 718, 719, 720, 721, 722, 723, 724, 725, 726, 727, 728, 731, 732, 733, 734, 735, 736, 737, 738, 739, 740, 741, 742, 743, 744, 745, 750, 751, 752, 753, 754, 755, 756, 759], "excluded_lines": [], "start_line": 662}, "_parse_notes": {"executed_lines": [], "summary": {"covered_lines": 0, "num_statements": 5, "percent_covered": 0.0, "percent_covered_display": "0", "missing_lines": 5, "excluded_lines": 0, "percent_statements_covered": 0.0, "percent_statements_covered_display": "0"}, "missing_lines": [771, 772, 773, 774, 775], "excluded_lines": [], "start_line": 765}, "_parse_inline_notes": {"executed_lines": [], "summary": {"covered_lines": 0, "num_statements": 23, "percent_covered": 0.0, "percent_covered_display": "0", "missing_lines": 23, "excluded_lines": 0, "percent_statements_covered": 0.0, "percent_statements_covered_display": "0"}, "missing_lines": [798, 799, 800, 801, 802, 803, 804, 805, 806, 807, 808, 809, 810, 811, 812, 813, 814, 815, 816, 817, 818, 819, 820], "excluded_lines": [], "start_line": 782}, "looks_like_wrapper": {"executed_lines": [], "summary": {"covered_lines": 0, "num_statements": 1, "percent_covered": 0.0, "percent_covered_display": "0", "missing_lines": 1, "excluded_lines": 0, "percent_statements_covered": 0.0, "percent_statements_covered_display": "0"}, "missing_lines": [828], "excluded_lines": [], "start_line": 823}, "analyze_source": {"executed_lines": [], "summary": {"covered_lines": 0, "num_statements": 32, "percent_covered": 0.0, "percent_covered_display": "0", "missing_lines": 32, "excluded_lines": 0, "percent_statements_covered": 0.0, "percent_statements_covered_display": "0"}, "missing_lines": [841, 842, 843, 844, 845, 846, 847, 848, 849, 854, 855, 857, 858, 859, 860, 861, 862, 866, 867, 868, 869, 875, 876, 877, 878, 879, 880, 881, 882, 883, 884, 885], "excluded_lines": [], "start_line": 833}, "quiet_facts": {"executed_lines": [], "summary": {"covered_lines": 0, "num_statements": 7, "percent_covered": 0.0, "percent_covered_display": "0", "missing_lines": 7, "excluded_lines": 0, "percent_statements_covered": 0.0, "percent_statements_covered_display": "0"}, "missing_lines": [931, 932, 933, 934, 935, 936, 937], "excluded_lines": [], "start_line": 922}, "": {"executed_lines": [8, 10, 11, 12, 13, 14, 15, 16, 18, 19, 21, 22, 23, 24, 27, 33, 36, 39, 40, 52, 53, 54, 55, 56, 57, 58, 59, 62, 63, 72, 73, 74, 75, 76, 77, 78, 79, 80, 81, 82, 83, 84, 85, 86, 87, 88, 89, 90, 91, 92, 93, 94, 100, 101, 102, 105, 107, 108, 109, 110, 113, 115, 119, 125, 132, 169, 217, 236, 323, 346, 377, 407, 443, 500, 538, 558, 569, 601, 625, 645, 662, 762, 765, 778, 779, 782, 823, 833, 922], "summary": {"covered_lines": 89, "num_statements": 89, "percent_covered": 100.0, "percent_covered_display": "100", "missing_lines": 0, "excluded_lines": 0, "percent_statements_covered": 100.0, "percent_statements_covered_display": "100"}, "missing_lines": [], "excluded_lines": [], "start_line": 1}}, "classes": {"LoopFact": {"executed_lines": [], "summary": {"covered_lines": 0, "num_statements": 0, "percent_covered": 100.0, "percent_covered_display": "100", "missing_lines": 0, "excluded_lines": 0, "percent_statements_covered": 100.0, "percent_statements_covered_display": "100"}, "missing_lines": [], "excluded_lines": [], "start_line": 40}, "Facts": {"executed_lines": [], "summary": {"covered_lines": 0, "num_statements": 0, "percent_covered": 100.0, "percent_covered_display": "100", "missing_lines": 0, "excluded_lines": 0, "percent_statements_covered": 100.0, "percent_statements_covered_display": "100"}, "missing_lines": [], "excluded_lines": [], "start_line": 63}, "SourceUnavailable": {"executed_lines": [], "summary": {"covered_lines": 0, "num_statements": 0, "percent_covered": 100.0, "percent_covered_display": "100", "missing_lines": 0, "excluded_lines": 0, "percent_statements_covered": 100.0, "percent_statements_covered_display": "100"}, "missing_lines": [], "excluded_lines": [], "start_line": 125}, "": {"executed_lines": [8, 10, 11, 12, 13, 14, 15, 16, 18, 19, 21, 22, 23, 24, 27, 33, 36, 39, 40, 52, 53, 54, 55, 56, 57, 58, 59, 62, 63, 72, 73, 74, 75, 76, 77, 78, 79, 80, 81, 82, 83, 84, 85, 86, 87, 88, 89, 90, 91, 92, 93, 94, 100, 101, 102, 105, 107, 108, 109, 110, 113, 115, 119, 125, 132, 169, 217, 236, 323, 346, 377, 407, 443, 500, 538, 558, 569, 601, 625, 645, 662, 762, 765, 778, 779, 782, 823, 833, 922], "summary": {"covered_lines": 89, "num_statements": 521, "percent_covered": 17.08253358925144, "percent_covered_display": "17", "missing_lines": 432, "excluded_lines": 0, "percent_statements_covered": 17.08253358925144, "percent_statements_covered_display": "17"}, "missing_lines": [120, 121, 122, 136, 137, 138, 139, 145, 146, 149, 154, 156, 157, 160, 165, 166, 192, 193, 194, 195, 196, 197, 198, 199, 200, 201, 202, 203, 204, 205, 206, 207, 208, 209, 210, 211, 212, 213, 214, 224, 225, 226, 227, 228, 229, 231, 232, 233, 237, 238, 241, 242, 243, 244, 245, 246, 247, 248, 250, 251, 252, 253, 261, 262, 263, 264, 269, 270, 271, 272, 276, 277, 278, 279, 280, 281, 282, 283, 290, 294, 295, 296, 297, 298, 299, 300, 301, 302, 303, 304, 305, 306, 307, 308, 309, 313, 314, 315, 316, 317, 319, 320, 330, 331, 332, 333, 334, 335, 336, 337, 338, 339, 340, 341, 342, 343, 355, 356, 357, 359, 360, 361, 362, 363, 364, 365, 366, 367, 368, 369, 370, 371, 372, 373, 374, 378, 379, 380, 383, 384, 385, 386, 387, 388, 389, 390, 391, 392, 393, 394, 395, 396, 397, 398, 399, 400, 401, 402, 403, 404, 408, 410, 411, 412, 414, 416, 417, 418, 419, 420, 421, 422, 423, 424, 425, 426, 427, 428, 429, 430, 431, 432, 433, 434, 435, 436, 437, 438, 439, 440, 444, 445, 447, 448, 449, 451, 452, 453, 454, 455, 456, 457, 458, 461, 462, 463, 464, 466, 471, 472, 474, 475, 482, 492, 497, 501, 502, 503, 504, 505, 506, 507, 509, 510, 512, 513, 515, 518, 520, 521, 522, 523, 526, 529, 530, 531, 535, 539, 540, 541, 543, 545, 546, 549, 550, 551, 552, 554, 555, 559, 560, 561, 562, 564, 565, 566, 570, 571, 572, 575, 576, 577, 578, 579, 580, 581, 582, 583, 584, 585, 586, 587, 588, 589, 590, 591, 592, 593, 594, 596, 597, 598, 604, 605, 607, 608, 610, 611, 612, 613, 614, 615, 616, 617, 619, 620, 621, 622, 631, 632, 633, 634, 635, 636, 637, 638, 641, 642, 656, 658, 670, 691, 692, 693, 694, 695, 696, 697, 698, 699, 700, 701, 702, 709, 711, 712, 713, 714, 715, 716, 718, 719, 720, 721, 722, 723, 724, 725, 726, 727, 728, 731, 732, 733, 734, 735, 736, 737, 738, 739, 740, 741, 742, 743, 744, 745, 750, 751, 752, 753, 754, 755, 756, 759, 771, 772, 773, 774, 775, 798, 799, 800, 801, 802, 803, 804, 805, 806, 807, 808, 809, 810, 811, 812, 813, 814, 815, 816, 817, 818, 819, 820, 828, 841, 842, 843, 844, 845, 846, 847, 848, 849, 854, 855, 857, 858, 859, 860, 861, 862, 866, 867, 868, 869, 875, 876, 877, 878, 879, 880, 881, 882, 883, 884, 885, 931, 932, 933, 934, 935, 936, 937], "excluded_lines": [], "start_line": 1}}}, "/Users/aaron/Projects/Coding/mathema/mathema/authoring.py": {"executed_lines": [18, 20, 21, 23, 24, 25, 28, 39, 52, 63, 128, 129, 136, 165, 199, 229, 273, 313, 325, 370, 512, 633, 724], "summary": {"covered_lines": 23, "num_statements": 281, "percent_covered": 8.185053380782918, "percent_covered_display": "8", "missing_lines": 258, "excluded_lines": 3, "percent_statements_covered": 8.185053380782918, "percent_statements_covered_display": "8"}, "missing_lines": [34, 35, 36, 47, 48, 49, 59, 84, 85, 86, 87, 88, 89, 90, 92, 93, 94, 95, 96, 97, 98, 99, 100, 145, 146, 147, 148, 149, 150, 151, 152, 153, 156, 157, 186, 187, 189, 190, 191, 192, 194, 195, 196, 221, 223, 224, 225, 226, 252, 253, 255, 256, 257, 258, 259, 260, 261, 262, 263, 264, 266, 267, 268, 269, 270, 287, 289, 291, 292, 293, 342, 344, 345, 346, 347, 348, 350, 351, 352, 353, 355, 356, 357, 361, 362, 363, 366, 367, 405, 406, 407, 409, 410, 412, 413, 414, 415, 416, 421, 422, 424, 440, 441, 442, 445, 451, 452, 453, 454, 456, 457, 458, 459, 471, 473, 474, 475, 477, 478, 479, 480, 482, 483, 484, 485, 486, 487, 488, 489, 490, 492, 498, 499, 500, 501, 503, 504, 505, 506, 507, 508, 509, 540, 541, 542, 544, 546, 547, 548, 549, 550, 551, 553, 554, 555, 556, 557, 558, 559, 561, 562, 564, 565, 566, 567, 568, 570, 571, 572, 573, 574, 575, 579, 580, 582, 583, 584, 585, 586, 587, 589, 590, 591, 592, 593, 595, 599, 600, 601, 603, 604, 605, 606, 607, 608, 609, 610, 611, 612, 613, 614, 615, 616, 618, 619, 620, 621, 622, 623, 627, 628, 630, 659, 660, 662, 663, 665, 668, 669, 671, 672, 673, 674, 675, 677, 678, 680, 683, 684, 686, 687, 688, 690, 691, 692, 693, 694, 695, 696, 697, 698, 699, 700, 703, 708, 709, 710, 711, 712, 714, 715, 716, 717, 718, 719, 721, 733, 734], "excluded_lines": [64, 372, 634], "functions": {"_fn_key": {"executed_lines": [], "summary": {"covered_lines": 0, "num_statements": 3, "percent_covered": 0.0, "percent_covered_display": "0", "missing_lines": 3, "excluded_lines": 0, "percent_statements_covered": 0.0, "percent_statements_covered_display": "0"}, "missing_lines": [34, 35, 36], "excluded_lines": [], "start_line": 28}, "_authored_tag": {"executed_lines": [], "summary": {"covered_lines": 0, "num_statements": 3, "percent_covered": 0.0, "percent_covered_display": "0", "missing_lines": 3, "excluded_lines": 0, "percent_statements_covered": 0.0, "percent_statements_covered_display": "0"}, "missing_lines": [47, 48, 49], "excluded_lines": [], "start_line": 39}, "_authored_entry": {"executed_lines": [], "summary": {"covered_lines": 0, "num_statements": 1, "percent_covered": 0.0, "percent_covered_display": "0", "missing_lines": 1, "excluded_lines": 0, "percent_statements_covered": 0.0, "percent_statements_covered_display": "0"}, "missing_lines": [59], "excluded_lines": [], "start_line": 52}, "claims": {"executed_lines": [], "summary": {"covered_lines": 0, "num_statements": 2, "percent_covered": 0.0, "percent_covered_display": "0", "missing_lines": 2, "excluded_lines": 1, "percent_statements_covered": 0.0, "percent_statements_covered_display": "0"}, "missing_lines": [84, 100], "excluded_lines": [64], "start_line": 63}, "claims.decorator": {"executed_lines": [], "summary": {"covered_lines": 0, "num_statements": 14, "percent_covered": 0.0, "percent_covered_display": "0", "missing_lines": 14, "excluded_lines": 0, "percent_statements_covered": 0.0, "percent_statements_covered_display": "0"}, "missing_lines": [85, 86, 87, 88, 89, 90, 92, 93, 94, 95, 96, 97, 98, 99], "excluded_lines": [], "start_line": 84}, "parse_docstring_claims": {"executed_lines": [], "summary": {"covered_lines": 0, "num_statements": 11, "percent_covered": 0.0, "percent_covered_display": "0", "missing_lines": 11, "excluded_lines": 0, "percent_statements_covered": 0.0, "percent_statements_covered_display": "0"}, "missing_lines": [145, 146, 147, 148, 149, 150, 151, 152, 153, 156, 157], "excluded_lines": [], "start_line": 136}, "declared_from_function": {"executed_lines": [], "summary": {"covered_lines": 0, "num_statements": 9, "percent_covered": 0.0, "percent_covered_display": "0", "missing_lines": 9, "excluded_lines": 0, "percent_statements_covered": 0.0, "percent_statements_covered_display": "0"}, "missing_lines": [186, 187, 189, 190, 191, 192, 194, 195, 196], "excluded_lines": [], "start_line": 165}, "resolve_declared": {"executed_lines": [], "summary": {"covered_lines": 0, "num_statements": 5, "percent_covered": 0.0, "percent_covered_display": "0", "missing_lines": 5, "excluded_lines": 0, "percent_statements_covered": 0.0, "percent_statements_covered_display": "0"}, "missing_lines": [221, 223, 224, 225, 226], "excluded_lines": [], "start_line": 199}, "retrieve": {"executed_lines": [], "summary": {"covered_lines": 0, "num_statements": 17, "percent_covered": 0.0, "percent_covered_display": "0", "missing_lines": 17, "excluded_lines": 0, "percent_statements_covered": 0.0, "percent_statements_covered_display": "0"}, "missing_lines": [252, 253, 255, 256, 257, 258, 259, 260, 261, 262, 263, 264, 266, 267, 268, 269, 270], "excluded_lines": [], "start_line": 229}, "materialize_declared": {"executed_lines": [], "summary": {"covered_lines": 0, "num_statements": 5, "percent_covered": 0.0, "percent_covered_display": "0", "missing_lines": 5, "excluded_lines": 0, "percent_statements_covered": 0.0, "percent_statements_covered_display": "0"}, "missing_lines": [287, 289, 291, 292, 293], "excluded_lines": [], "start_line": 273}, "_domain_from_declared_claims": {"executed_lines": [], "summary": {"covered_lines": 0, "num_statements": 18, "percent_covered": 0.0, "percent_covered_display": "0", "missing_lines": 18, "excluded_lines": 0, "percent_statements_covered": 0.0, "percent_statements_covered_display": "0"}, "missing_lines": [342, 344, 345, 346, 347, 348, 350, 351, 352, 353, 355, 356, 357, 361, 362, 363, 366, 367], "excluded_lines": [], "start_line": 325}, "enforce_domain": {"executed_lines": [], "summary": {"covered_lines": 0, "num_statements": 2, "percent_covered": 0.0, "percent_covered_display": "0", "missing_lines": 2, "excluded_lines": 1, "percent_statements_covered": 0.0, "percent_statements_covered_display": "0"}, "missing_lines": [405, 509], "excluded_lines": [372], "start_line": 370}, "enforce_domain.decorator": {"executed_lines": [], "summary": {"covered_lines": 0, "num_statements": 26, "percent_covered": 0.0, "percent_covered_display": "0", "missing_lines": 26, "excluded_lines": 0, "percent_statements_covered": 0.0, "percent_statements_covered_display": "0"}, "missing_lines": [406, 407, 409, 410, 412, 413, 414, 415, 416, 421, 422, 424, 456, 482, 483, 492, 498, 499, 500, 501, 503, 504, 505, 506, 507, 508], "excluded_lines": [], "start_line": 405}, "enforce_domain.decorator._check_scalar": {"executed_lines": [], "summary": {"covered_lines": 0, "num_statements": 8, "percent_covered": 0.0, "percent_covered_display": "0", "missing_lines": 8, "excluded_lines": 0, "percent_statements_covered": 0.0, "percent_statements_covered_display": "0"}, "missing_lines": [440, 441, 442, 445, 451, 452, 453, 454], "excluded_lines": [], "start_line": 424}, "enforce_domain.decorator._violation": {"executed_lines": [], "summary": {"covered_lines": 0, "num_statements": 11, "percent_covered": 0.0, "percent_covered_display": "0", "missing_lines": 11, "excluded_lines": 0, "percent_statements_covered": 0.0, "percent_statements_covered_display": "0"}, "missing_lines": [457, 458, 459, 471, 473, 474, 475, 477, 478, 479, 480], "excluded_lines": [], "start_line": 456}, "enforce_domain.decorator.wrapper": {"executed_lines": [], "summary": {"covered_lines": 0, "num_statements": 7, "percent_covered": 0.0, "percent_covered_display": "0", "missing_lines": 7, "excluded_lines": 0, "percent_statements_covered": 0.0, "percent_statements_covered_display": "0"}, "missing_lines": [484, 485, 486, 487, 488, 489, 490], "excluded_lines": [], "start_line": 483}, "enforce_dimensions": {"executed_lines": [], "summary": {"covered_lines": 0, "num_statements": 11, "percent_covered": 0.0, "percent_covered_display": "0", "missing_lines": 11, "excluded_lines": 0, "percent_statements_covered": 0.0, "percent_statements_covered_display": "0"}, "missing_lines": [540, 541, 542, 544, 546, 570, 582, 589, 595, 599, 630], "excluded_lines": [], "start_line": 512}, "enforce_dimensions._premises": {"executed_lines": [], "summary": {"covered_lines": 0, "num_statements": 19, "percent_covered": 0.0, "percent_covered_display": "0", "missing_lines": 19, "excluded_lines": 0, "percent_statements_covered": 0.0, "percent_statements_covered_display": "0"}, "missing_lines": [547, 548, 549, 550, 551, 553, 554, 555, 556, 557, 558, 559, 561, 562, 564, 565, 566, 567, 568], "excluded_lines": [], "start_line": 546}, "enforce_dimensions._dim_ref": {"executed_lines": [], "summary": {"covered_lines": 0, "num_statements": 7, "percent_covered": 0.0, "percent_covered_display": "0", "missing_lines": 7, "excluded_lines": 0, "percent_statements_covered": 0.0, "percent_statements_covered_display": "0"}, "missing_lines": [571, 572, 573, 574, 575, 579, 580], "excluded_lines": [], "start_line": 570}, "enforce_dimensions._const": {"executed_lines": [], "summary": {"covered_lines": 0, "num_statements": 5, "percent_covered": 0.0, "percent_covered_display": "0", "missing_lines": 5, "excluded_lines": 0, "percent_statements_covered": 0.0, "percent_statements_covered_display": "0"}, "missing_lines": [583, 584, 585, 586, 587], "excluded_lines": [], "start_line": 582}, "enforce_dimensions._measure": {"executed_lines": [], "summary": {"covered_lines": 0, "num_statements": 4, "percent_covered": 0.0, "percent_covered_display": "0", "missing_lines": 4, "excluded_lines": 0, "percent_statements_covered": 0.0, "percent_statements_covered_display": "0"}, "missing_lines": [590, 591, 592, 593], "excluded_lines": [], "start_line": 589}, "enforce_dimensions.decorator": {"executed_lines": [], "summary": {"covered_lines": 0, "num_statements": 5, "percent_covered": 0.0, "percent_covered_display": "0", "missing_lines": 5, "excluded_lines": 0, "percent_statements_covered": 0.0, "percent_statements_covered_display": "0"}, "missing_lines": [600, 601, 603, 604, 628], "excluded_lines": [], "start_line": 599}, "enforce_dimensions.decorator.wrapper": {"executed_lines": [], "summary": {"covered_lines": 0, "num_statements": 19, "percent_covered": 0.0, "percent_covered_display": "0", "missing_lines": 19, "excluded_lines": 0, "percent_statements_covered": 0.0, "percent_statements_covered_display": "0"}, "missing_lines": [605, 606, 607, 608, 609, 610, 611, 612, 613, 614, 615, 616, 618, 619, 620, 621, 622, 623, 627], "excluded_lines": [], "start_line": 604}, "enforce_structure": {"executed_lines": [], "summary": {"covered_lines": 0, "num_statements": 7, "percent_covered": 0.0, "percent_covered_display": "0", "missing_lines": 7, "excluded_lines": 1, "percent_statements_covered": 0.0, "percent_statements_covered_display": "0"}, "missing_lines": [659, 660, 662, 663, 665, 686, 721], "excluded_lines": [634], "start_line": 633}, "enforce_structure._declared": {"executed_lines": [], "summary": {"covered_lines": 0, "num_statements": 12, "percent_covered": 0.0, "percent_covered_display": "0", "missing_lines": 12, "excluded_lines": 0, "percent_statements_covered": 0.0, "percent_statements_covered_display": "0"}, "missing_lines": [668, 669, 671, 672, 673, 674, 675, 677, 678, 680, 683, 684], "excluded_lines": [], "start_line": 665}, "enforce_structure.decorator": {"executed_lines": [], "summary": {"covered_lines": 0, "num_statements": 15, "percent_covered": 0.0, "percent_covered_display": "0", "missing_lines": 15, "excluded_lines": 0, "percent_statements_covered": 0.0, "percent_statements_covered_display": "0"}, "missing_lines": [687, 688, 690, 691, 708, 709, 710, 711, 712, 714, 715, 716, 717, 718, 719], "excluded_lines": [], "start_line": 686}, "enforce_structure.decorator.wrapper": {"executed_lines": [], "summary": {"covered_lines": 0, "num_statements": 10, "percent_covered": 0.0, "percent_covered_display": "0", "missing_lines": 10, "excluded_lines": 0, "percent_statements_covered": 0.0, "percent_statements_covered_display": "0"}, "missing_lines": [692, 693, 694, 695, 696, 697, 698, 699, 700, 703], "excluded_lines": [], "start_line": 691}, "reject_missing": {"executed_lines": [], "summary": {"covered_lines": 0, "num_statements": 2, "percent_covered": 0.0, "percent_covered_display": "0", "missing_lines": 2, "excluded_lines": 0, "percent_statements_covered": 0.0, "percent_statements_covered_display": "0"}, "missing_lines": [733, 734], "excluded_lines": [], "start_line": 724}, "": {"executed_lines": [18, 20, 21, 23, 24, 25, 28, 39, 52, 63, 128, 129, 136, 165, 199, 229, 273, 313, 325, 370, 512, 633, 724], "summary": {"covered_lines": 23, "num_statements": 23, "percent_covered": 100.0, "percent_covered_display": "100", "missing_lines": 0, "excluded_lines": 0, "percent_statements_covered": 100.0, "percent_statements_covered_display": "100"}, "missing_lines": [], "excluded_lines": [], "start_line": 1}}, "classes": {"DomainError": {"executed_lines": [], "summary": {"covered_lines": 0, "num_statements": 0, "percent_covered": 100.0, "percent_covered_display": "100", "missing_lines": 0, "excluded_lines": 0, "percent_statements_covered": 100.0, "percent_statements_covered_display": "100"}, "missing_lines": [], "excluded_lines": [], "start_line": 313}, "": {"executed_lines": [18, 20, 21, 23, 24, 25, 28, 39, 52, 63, 128, 129, 136, 165, 199, 229, 273, 313, 325, 370, 512, 633, 724], "summary": {"covered_lines": 23, "num_statements": 281, "percent_covered": 8.185053380782918, "percent_covered_display": "8", "missing_lines": 258, "excluded_lines": 3, "percent_statements_covered": 8.185053380782918, "percent_statements_covered_display": "8"}, "missing_lines": [34, 35, 36, 47, 48, 49, 59, 84, 85, 86, 87, 88, 89, 90, 92, 93, 94, 95, 96, 97, 98, 99, 100, 145, 146, 147, 148, 149, 150, 151, 152, 153, 156, 157, 186, 187, 189, 190, 191, 192, 194, 195, 196, 221, 223, 224, 225, 226, 252, 253, 255, 256, 257, 258, 259, 260, 261, 262, 263, 264, 266, 267, 268, 269, 270, 287, 289, 291, 292, 293, 342, 344, 345, 346, 347, 348, 350, 351, 352, 353, 355, 356, 357, 361, 362, 363, 366, 367, 405, 406, 407, 409, 410, 412, 413, 414, 415, 416, 421, 422, 424, 440, 441, 442, 445, 451, 452, 453, 454, 456, 457, 458, 459, 471, 473, 474, 475, 477, 478, 479, 480, 482, 483, 484, 485, 486, 487, 488, 489, 490, 492, 498, 499, 500, 501, 503, 504, 505, 506, 507, 508, 509, 540, 541, 542, 544, 546, 547, 548, 549, 550, 551, 553, 554, 555, 556, 557, 558, 559, 561, 562, 564, 565, 566, 567, 568, 570, 571, 572, 573, 574, 575, 579, 580, 582, 583, 584, 585, 586, 587, 589, 590, 591, 592, 593, 595, 599, 600, 601, 603, 604, 605, 606, 607, 608, 609, 610, 611, 612, 613, 614, 615, 616, 618, 619, 620, 621, 622, 623, 627, 628, 630, 659, 660, 662, 663, 665, 668, 669, 671, 672, 673, 674, 675, 677, 678, 680, 683, 684, 686, 687, 688, 690, 691, 692, 693, 694, 695, 696, 697, 698, 699, 700, 703, 708, 709, 710, 711, 712, 714, 715, 716, 717, 718, 719, 721, 733, 734], "excluded_lines": [64, 372, 634], "start_line": 1}}}, "/Users/aaron/Projects/Coding/mathema/mathema/claim_families.py": {"executed_lines": [25, 27, 28, 29, 34, 35, 40, 44, 60, 68, 82, 88, 120, 158, 217, 261, 296, 309, 315, 340, 364, 377, 438, 457, 502, 531, 545, 594, 637, 704, 730, 772, 865, 896, 945, 979, 1002, 1058, 1087, 1145, 1220, 1316, 1369, 1415, 1470, 1477, 1478, 1479, 1481, 1484, 1488, 1494, 1509, 1512, 1522, 1544, 1547, 1565, 1567, 1568, 1569, 1570, 1571, 1572, 1574, 1581, 1589, 1718, 1723, 1727, 1739, 1781, 1813, 1820, 1847, 1853, 1860, 1878, 1903, 1906, 1912, 1918, 1936, 1958, 2018, 2026, 2030, 2033, 2043, 2044, 2045, 2046, 2047, 2048, 2049, 2050, 2053, 2056, 2057, 2059, 2068, 2071, 2075, 2079, 2083, 2084, 2088, 2092, 2093, 2100, 2109, 2111, 2114], "summary": {"covered_lines": 113, "num_statements": 1044, "percent_covered": 10.82375478927203, "percent_covered_display": "11", "missing_lines": 931, "excluded_lines": 2, "percent_statements_covered": 10.82375478927203, "percent_statements_covered_display": "11"}, "missing_lines": [63, 64, 65, 72, 73, 74, 75, 76, 77, 78, 79, 83, 84, 85, 106, 107, 108, 109, 110, 111, 112, 113, 114, 115, 116, 117, 130, 131, 132, 133, 134, 135, 137, 138, 139, 140, 141, 142, 143, 144, 145, 146, 147, 148, 149, 150, 151, 152, 153, 155, 169, 170, 171, 172, 173, 174, 175, 177, 178, 179, 180, 181, 182, 183, 184, 185, 186, 187, 188, 189, 204, 205, 206, 209, 210, 211, 214, 235, 236, 237, 238, 239, 240, 241, 242, 243, 244, 245, 246, 247, 248, 249, 250, 254, 255, 256, 257, 258, 279, 280, 281, 282, 301, 302, 303, 304, 305, 306, 310, 311, 312, 325, 326, 327, 328, 329, 330, 331, 332, 333, 334, 335, 336, 337, 348, 349, 350, 351, 352, 353, 354, 356, 357, 358, 359, 360, 370, 371, 372, 373, 374, 384, 385, 387, 388, 389, 390, 391, 392, 393, 394, 395, 396, 397, 398, 399, 403, 404, 405, 406, 408, 409, 410, 411, 412, 413, 414, 415, 416, 417, 418, 420, 421, 422, 423, 424, 425, 426, 430, 432, 434, 435, 452, 453, 454, 478, 479, 480, 481, 482, 483, 484, 485, 486, 494, 495, 496, 499, 519, 520, 521, 522, 523, 536, 537, 538, 539, 540, 541, 565, 566, 567, 568, 569, 570, 571, 572, 574, 575, 576, 577, 578, 579, 580, 581, 582, 583, 584, 585, 586, 587, 588, 590, 591, 602, 603, 604, 605, 606, 607, 609, 610, 611, 612, 613, 614, 617, 618, 619, 620, 621, 622, 623, 624, 627, 628, 629, 630, 659, 661, 662, 663, 664, 665, 666, 667, 668, 669, 670, 671, 672, 673, 674, 675, 676, 677, 678, 679, 682, 683, 684, 685, 686, 687, 688, 689, 690, 692, 693, 694, 695, 696, 715, 716, 717, 718, 719, 720, 721, 723, 751, 752, 753, 754, 760, 761, 762, 763, 764, 765, 769, 779, 780, 781, 782, 783, 784, 786, 787, 788, 789, 790, 791, 793, 794, 795, 797, 798, 799, 802, 803, 804, 805, 806, 807, 808, 809, 810, 811, 812, 813, 814, 815, 816, 817, 820, 821, 823, 824, 825, 826, 828, 829, 830, 831, 834, 836, 847, 848, 849, 850, 855, 856, 857, 859, 861, 884, 885, 886, 887, 888, 893, 904, 905, 906, 907, 908, 909, 910, 911, 912, 915, 916, 917, 918, 920, 921, 922, 923, 926, 927, 928, 929, 931, 932, 933, 934, 935, 936, 937, 941, 942, 965, 966, 967, 968, 969, 970, 971, 972, 990, 993, 994, 995, 996, 1011, 1012, 1013, 1015, 1016, 1017, 1018, 1019, 1021, 1022, 1023, 1025, 1026, 1027, 1030, 1031, 1032, 1033, 1034, 1035, 1036, 1037, 1038, 1039, 1040, 1041, 1042, 1045, 1048, 1049, 1052, 1054, 1073, 1074, 1075, 1076, 1077, 1078, 1079, 1084, 1097, 1098, 1099, 1100, 1101, 1102, 1103, 1105, 1106, 1107, 1108, 1111, 1112, 1113, 1114, 1115, 1116, 1117, 1118, 1121, 1122, 1123, 1124, 1125, 1126, 1128, 1129, 1131, 1133, 1134, 1138, 1142, 1170, 1171, 1172, 1173, 1174, 1175, 1176, 1177, 1178, 1179, 1180, 1181, 1182, 1183, 1184, 1187, 1193, 1194, 1196, 1197, 1198, 1199, 1200, 1201, 1202, 1203, 1205, 1206, 1207, 1208, 1216, 1217, 1232, 1233, 1234, 1235, 1236, 1237, 1238, 1239, 1240, 1241, 1242, 1243, 1245, 1246, 1247, 1248, 1249, 1251, 1253, 1254, 1255, 1256, 1257, 1258, 1259, 1260, 1261, 1262, 1263, 1264, 1265, 1266, 1268, 1269, 1270, 1271, 1272, 1273, 1274, 1275, 1276, 1277, 1278, 1280, 1281, 1282, 1283, 1284, 1287, 1288, 1289, 1290, 1294, 1295, 1300, 1301, 1305, 1306, 1310, 1312, 1313, 1324, 1326, 1327, 1328, 1329, 1330, 1332, 1333, 1334, 1335, 1337, 1338, 1339, 1340, 1341, 1342, 1343, 1344, 1345, 1346, 1347, 1391, 1392, 1393, 1394, 1395, 1396, 1397, 1398, 1399, 1400, 1401, 1405, 1406, 1407, 1412, 1428, 1429, 1430, 1431, 1432, 1433, 1434, 1435, 1436, 1438, 1439, 1440, 1441, 1442, 1443, 1444, 1445, 1448, 1449, 1450, 1453, 1455, 1457, 1458, 1462, 1467, 1482, 1485, 1496, 1498, 1499, 1500, 1501, 1504, 1505, 1508, 1523, 1524, 1525, 1526, 1527, 1529, 1530, 1531, 1532, 1536, 1537, 1539, 1540, 1543, 1577, 1578, 1579, 1586, 1606, 1608, 1610, 1611, 1612, 1613, 1615, 1617, 1618, 1619, 1620, 1622, 1623, 1624, 1626, 1627, 1628, 1631, 1632, 1639, 1640, 1641, 1643, 1644, 1646, 1647, 1648, 1649, 1651, 1655, 1656, 1657, 1658, 1660, 1661, 1662, 1663, 1664, 1665, 1666, 1667, 1668, 1669, 1670, 1671, 1673, 1674, 1675, 1676, 1677, 1678, 1680, 1681, 1682, 1683, 1684, 1686, 1692, 1693, 1695, 1696, 1697, 1698, 1699, 1701, 1702, 1703, 1704, 1705, 1706, 1707, 1712, 1719, 1720, 1724, 1732, 1733, 1734, 1735, 1736, 1747, 1748, 1750, 1751, 1752, 1753, 1754, 1756, 1757, 1759, 1760, 1761, 1762, 1763, 1764, 1765, 1766, 1767, 1768, 1769, 1770, 1772, 1774, 1775, 1777, 1778, 1787, 1788, 1789, 1790, 1791, 1792, 1793, 1794, 1795, 1796, 1797, 1798, 1799, 1800, 1801, 1802, 1803, 1804, 1807, 1808, 1809, 1810, 1814, 1815, 1816, 1817, 1826, 1828, 1829, 1830, 1831, 1832, 1833, 1834, 1835, 1836, 1837, 1838, 1839, 1840, 1841, 1842, 1844, 1848, 1849, 1850, 1854, 1855, 1856, 1857, 1861, 1862, 1863, 1864, 1865, 1866, 1867, 1868, 1869, 1870, 1871, 1872, 1873, 1874, 1875, 1879, 1881, 1882, 1883, 1884, 1885, 1886, 1887, 1889, 1890, 1891, 1892, 1893, 1895, 1896, 1897, 1898, 1899, 1900, 1909, 1915, 1921, 1922, 1923, 1924, 1925, 1927, 1928, 1929, 1930, 1932, 1933, 1944, 1945, 1946, 1947, 1948, 1949, 1950, 1951, 1952, 1953, 1954, 1955, 1970, 1972, 1973, 1974, 1975, 1976, 1977, 1978, 1979, 1980, 1981, 1982, 1983, 1984, 1985, 1986, 1988, 1990, 1991, 1993, 1994, 1995, 1996, 1997, 1998, 1999, 2000, 2001, 2002, 2003, 2004, 2005, 2006, 2008, 2011, 2012, 2013, 2027, 2028, 2031, 2034, 2035, 2036, 2037, 2038, 2040], "excluded_lines": [31, 32], "functions": {"_claim_target_param": {"executed_lines": [], "summary": {"covered_lines": 0, "num_statements": 3, "percent_covered": 0.0, "percent_covered_display": "0", "missing_lines": 3, "excluded_lines": 0, "percent_statements_covered": 0.0, "percent_statements_covered_display": "0"}, "missing_lines": [63, 64, 65], "excluded_lines": [], "start_line": 60}, "_synth_other_params": {"executed_lines": [], "summary": {"covered_lines": 0, "num_statements": 8, "percent_covered": 0.0, "percent_covered_display": "0", "missing_lines": 8, "excluded_lines": 0, "percent_statements_covered": 0.0, "percent_statements_covered_display": "0"}, "missing_lines": [72, 73, 74, 75, 76, 77, 78, 79], "excluded_lines": [], "start_line": 68}, "_call_with_target": {"executed_lines": [], "summary": {"covered_lines": 0, "num_statements": 3, "percent_covered": 0.0, "percent_covered_display": "0", "missing_lines": 3, "excluded_lines": 0, "percent_statements_covered": 0.0, "percent_statements_covered_display": "0"}, "missing_lines": [83, 84, 85], "excluded_lines": [], "start_line": 82}, "_probe_trials": {"executed_lines": [], "summary": {"covered_lines": 0, "num_statements": 12, "percent_covered": 0.0, "percent_covered_display": "0", "missing_lines": 12, "excluded_lines": 0, "percent_statements_covered": 0.0, "percent_statements_covered_display": "0"}, "missing_lines": [106, 107, 108, 109, 110, 111, 112, 113, 114, 115, 116, 117], "excluded_lines": [], "start_line": 88}, "_monotone_probe": {"executed_lines": [], "summary": {"covered_lines": 0, "num_statements": 8, "percent_covered": 0.0, "percent_covered_display": "0", "missing_lines": 8, "excluded_lines": 0, "percent_statements_covered": 0.0, "percent_statements_covered_display": "0"}, "missing_lines": [130, 131, 132, 133, 134, 135, 137, 155], "excluded_lines": [], "start_line": 120}, "_monotone_probe.trial": {"executed_lines": [], "summary": {"covered_lines": 0, "num_statements": 16, "percent_covered": 0.0, "percent_covered_display": "0", "missing_lines": 16, "excluded_lines": 0, "percent_statements_covered": 0.0, "percent_statements_covered_display": "0"}, "missing_lines": [138, 139, 140, 141, 142, 143, 144, 145, 146, 147, 148, 149, 150, 151, 152, 153], "excluded_lines": [], "start_line": 137}, "_second_difference_probe": {"executed_lines": [], "summary": {"covered_lines": 0, "num_statements": 9, "percent_covered": 0.0, "percent_covered_display": "0", "missing_lines": 9, "excluded_lines": 0, "percent_statements_covered": 0.0, "percent_statements_covered_display": "0"}, "missing_lines": [169, 170, 171, 172, 173, 174, 175, 177, 214], "excluded_lines": [], "start_line": 158}, "_second_difference_probe.trial": {"executed_lines": [], "summary": {"covered_lines": 0, "num_statements": 18, "percent_covered": 0.0, "percent_covered_display": "0", "missing_lines": 18, "excluded_lines": 0, "percent_statements_covered": 0.0, "percent_statements_covered_display": "0"}, "missing_lines": [178, 179, 180, 181, 182, 183, 184, 185, 186, 187, 188, 189, 204, 205, 206, 209, 210, 211], "excluded_lines": [], "start_line": 177}, "_pole_exclusion_proof": {"executed_lines": [], "summary": {"covered_lines": 0, "num_statements": 21, "percent_covered": 0.0, "percent_covered_display": "0", "missing_lines": 21, "excluded_lines": 0, "percent_statements_covered": 0.0, "percent_statements_covered_display": "0"}, "missing_lines": [235, 236, 237, 238, 239, 240, 241, 242, 243, 244, 245, 246, 247, 248, 249, 250, 254, 255, 256, 257, 258], "excluded_lines": [], "start_line": 217}, "_is_numerically_stable_derive": {"executed_lines": [], "summary": {"covered_lines": 0, "num_statements": 4, "percent_covered": 0.0, "percent_covered_display": "0", "missing_lines": 4, "excluded_lines": 0, "percent_statements_covered": 0.0, "percent_statements_covered_display": "0"}, "missing_lines": [279, 280, 281, 282], "excluded_lines": [], "start_line": 261}, "_piece_bounds": {"executed_lines": [], "summary": {"covered_lines": 0, "num_statements": 6, "percent_covered": 0.0, "percent_covered_display": "0", "missing_lines": 6, "excluded_lines": 0, "percent_statements_covered": 0.0, "percent_statements_covered_display": "0"}, "missing_lines": [301, 302, 303, 304, 305, 306], "excluded_lines": [], "start_line": 296}, "_in_safe_range": {"executed_lines": [], "summary": {"covered_lines": 0, "num_statements": 3, "percent_covered": 0.0, "percent_covered_display": "0", "missing_lines": 3, "excluded_lines": 0, "percent_statements_covered": 0.0, "percent_statements_covered_display": "0"}, "missing_lines": [310, 311, 312], "excluded_lines": [], "start_line": 309}, "_domain_pieces": {"executed_lines": [], "summary": {"covered_lines": 0, "num_statements": 13, "percent_covered": 0.0, "percent_covered_display": "0", "missing_lines": 13, "excluded_lines": 0, "percent_statements_covered": 0.0, "percent_statements_covered_display": "0"}, "missing_lines": [325, 326, 327, 328, 329, 330, 331, 332, 333, 334, 335, 336, 337], "excluded_lines": [], "start_line": 315}, "_range_piece_verdict": {"executed_lines": [], "summary": {"covered_lines": 0, "num_statements": 12, "percent_covered": 0.0, "percent_covered_display": "0", "missing_lines": 12, "excluded_lines": 0, "percent_statements_covered": 0.0, "percent_statements_covered_display": "0"}, "missing_lines": [348, 349, 350, 351, 352, 353, 354, 356, 357, 358, 359, 360], "excluded_lines": [], "start_line": 340}, "_combine_piece_verdicts": {"executed_lines": [], "summary": {"covered_lines": 0, "num_statements": 5, "percent_covered": 0.0, "percent_covered_display": "0", "missing_lines": 5, "excluded_lines": 0, "percent_statements_covered": 0.0, "percent_statements_covered_display": "0"}, "missing_lines": [370, 371, 372, 373, 374], "excluded_lines": [], "start_line": 364}, "_factorial_verdict": {"executed_lines": [], "summary": {"covered_lines": 0, "num_statements": 41, "percent_covered": 0.0, "percent_covered_display": "0", "missing_lines": 41, "excluded_lines": 0, "percent_statements_covered": 0.0, "percent_statements_covered_display": "0"}, "missing_lines": [384, 385, 387, 388, 389, 390, 391, 392, 393, 394, 395, 396, 397, 398, 399, 403, 404, 405, 406, 408, 409, 410, 411, 412, 413, 414, 415, 416, 417, 418, 420, 421, 422, 423, 424, 425, 426, 430, 432, 434, 435], "excluded_lines": [], "start_line": 377}, "_check_restricted_domain": {"executed_lines": [], "summary": {"covered_lines": 0, "num_statements": 3, "percent_covered": 0.0, "percent_covered_display": "0", "missing_lines": 3, "excluded_lines": 0, "percent_statements_covered": 0.0, "percent_statements_covered_display": "0"}, "missing_lines": [452, 453, 454], "excluded_lines": [], "start_line": 438}, "_is_builtin_safe_derive": {"executed_lines": [], "summary": {"covered_lines": 0, "num_statements": 13, "percent_covered": 0.0, "percent_covered_display": "0", "missing_lines": 13, "excluded_lines": 0, "percent_statements_covered": 0.0, "percent_statements_covered_display": "0"}, "missing_lines": [478, 479, 480, 481, 482, 483, 484, 485, 486, 494, 495, 496, 499], "excluded_lines": [], "start_line": 457}, "_is_pole_safe_derive": {"executed_lines": [], "summary": {"covered_lines": 0, "num_statements": 5, "percent_covered": 0.0, "percent_covered_display": "0", "missing_lines": 5, "excluded_lines": 0, "percent_statements_covered": 0.0, "percent_statements_covered_display": "0"}, "missing_lines": [519, 520, 521, 522, 523], "excluded_lines": [], "start_line": 502}, "_pinned_float_env": {"executed_lines": [], "summary": {"covered_lines": 0, "num_statements": 6, "percent_covered": 0.0, "percent_covered_display": "0", "missing_lines": 6, "excluded_lines": 0, "percent_statements_covered": 0.0, "percent_statements_covered_display": "0"}, "missing_lines": [536, 537, 538, 539, 540, 541], "excluded_lines": [], "start_line": 531}, "_hazard_value_probe": {"executed_lines": [], "summary": {"covered_lines": 0, "num_statements": 11, "percent_covered": 0.0, "percent_covered_display": "0", "missing_lines": 11, "excluded_lines": 0, "percent_statements_covered": 0.0, "percent_statements_covered_display": "0"}, "missing_lines": [565, 566, 567, 568, 569, 570, 571, 572, 574, 590, 591], "excluded_lines": [], "start_line": 545}, "_hazard_value_probe.trial": {"executed_lines": [], "summary": {"covered_lines": 0, "num_statements": 14, "percent_covered": 0.0, "percent_covered_display": "0", "missing_lines": 14, "excluded_lines": 0, "percent_statements_covered": 0.0, "percent_statements_covered_display": "0"}, "missing_lines": [575, 576, 577, 578, 579, 580, 581, 582, 583, 584, 585, 586, 587, 588], "excluded_lines": [], "start_line": 574}, "_pole_probe": {"executed_lines": [], "summary": {"covered_lines": 0, "num_statements": 24, "percent_covered": 0.0, "percent_covered_display": "0", "missing_lines": 24, "excluded_lines": 0, "percent_statements_covered": 0.0, "percent_statements_covered_display": "0"}, "missing_lines": [602, 603, 604, 605, 606, 607, 609, 610, 611, 612, 613, 614, 617, 618, 619, 620, 621, 622, 623, 624, 627, 628, 629, 630], "excluded_lines": [], "start_line": 594}, "_is_extremity_safe_derive": {"executed_lines": [], "summary": {"covered_lines": 0, "num_statements": 34, "percent_covered": 0.0, "percent_covered_display": "0", "missing_lines": 34, "excluded_lines": 0, "percent_statements_covered": 0.0, "percent_statements_covered_display": "0"}, "missing_lines": [659, 661, 662, 663, 664, 665, 666, 667, 668, 669, 670, 671, 672, 673, 674, 675, 676, 677, 678, 679, 682, 683, 684, 685, 686, 687, 688, 689, 690, 692, 693, 694, 695, 696], "excluded_lines": [], "start_line": 637}, "_extreme_probe": {"executed_lines": [], "summary": {"covered_lines": 0, "num_statements": 8, "percent_covered": 0.0, "percent_covered_display": "0", "missing_lines": 8, "excluded_lines": 0, "percent_statements_covered": 0.0, "percent_statements_covered_display": "0"}, "missing_lines": [715, 716, 717, 718, 719, 720, 721, 723], "excluded_lines": [], "start_line": 704}, "_is_state_safe_derive": {"executed_lines": [], "summary": {"covered_lines": 0, "num_statements": 11, "percent_covered": 0.0, "percent_covered_display": "0", "missing_lines": 11, "excluded_lines": 0, "percent_statements_covered": 0.0, "percent_statements_covered_display": "0"}, "missing_lines": [751, 752, 753, 754, 760, 761, 762, 763, 764, 765, 769], "excluded_lines": [], "start_line": 730}, "_state_probe": {"executed_lines": [], "summary": {"covered_lines": 0, "num_statements": 9, "percent_covered": 0.0, "percent_covered_display": "0", "missing_lines": 9, "excluded_lines": 0, "percent_statements_covered": 0.0, "percent_statements_covered_display": "0"}, "missing_lines": [779, 780, 781, 782, 783, 784, 786, 797, 861], "excluded_lines": [], "start_line": 772}, "_state_probe.data_globals": {"executed_lines": [], "summary": {"covered_lines": 0, "num_statements": 8, "percent_covered": 0.0, "percent_covered_display": "0", "missing_lines": 8, "excluded_lines": 0, "percent_statements_covered": 0.0, "percent_statements_covered_display": "0"}, "missing_lines": [787, 788, 789, 790, 791, 793, 794, 795], "excluded_lines": [], "start_line": 786}, "_state_probe.trial": {"executed_lines": [], "summary": {"covered_lines": 0, "num_statements": 38, "percent_covered": 0.0, "percent_covered_display": "0", "missing_lines": 38, "excluded_lines": 0, "percent_statements_covered": 0.0, "percent_statements_covered_display": "0"}, "missing_lines": [798, 799, 802, 803, 804, 805, 806, 807, 808, 809, 810, 811, 812, 813, 814, 815, 816, 817, 820, 821, 823, 824, 825, 826, 828, 829, 830, 831, 834, 836, 847, 848, 849, 850, 855, 856, 857, 859], "excluded_lines": [], "start_line": 797}, "_excluded_outside_domain_derive": {"executed_lines": [], "summary": {"covered_lines": 0, "num_statements": 6, "percent_covered": 0.0, "percent_covered_display": "0", "missing_lines": 6, "excluded_lines": 0, "percent_statements_covered": 0.0, "percent_statements_covered_display": "0"}, "missing_lines": [884, 885, 886, 887, 888, 893], "excluded_lines": [], "start_line": 865}, "_excluded_probe": {"executed_lines": [], "summary": {"covered_lines": 0, "num_statements": 16, "percent_covered": 0.0, "percent_covered_display": "0", "missing_lines": 16, "excluded_lines": 0, "percent_statements_covered": 0.0, "percent_statements_covered_display": "0"}, "missing_lines": [904, 905, 906, 907, 908, 909, 910, 911, 912, 915, 916, 917, 918, 920, 941, 942], "excluded_lines": [], "start_line": 896}, "_excluded_probe.trial": {"executed_lines": [], "summary": {"covered_lines": 0, "num_statements": 14, "percent_covered": 0.0, "percent_covered_display": "0", "missing_lines": 14, "excluded_lines": 0, "percent_statements_covered": 0.0, "percent_statements_covered_display": "0"}, "missing_lines": [921, 922, 923, 926, 927, 928, 929, 931, 932, 933, 934, 935, 936, 937], "excluded_lines": [], "start_line": 920}, "_is_deterministic_derive": {"executed_lines": [], "summary": {"covered_lines": 0, "num_statements": 8, "percent_covered": 0.0, "percent_covered_display": "0", "missing_lines": 8, "excluded_lines": 0, "percent_statements_covered": 0.0, "percent_statements_covered_display": "0"}, "missing_lines": [965, 966, 967, 968, 969, 970, 971, 972], "excluded_lines": [], "start_line": 945}, "_is_reproducible_derive": {"executed_lines": [], "summary": {"covered_lines": 0, "num_statements": 5, "percent_covered": 0.0, "percent_covered_display": "0", "missing_lines": 5, "excluded_lines": 0, "percent_statements_covered": 0.0, "percent_statements_covered_display": "0"}, "missing_lines": [990, 993, 994, 995, 996], "excluded_lines": [], "start_line": 979}, "_reproducible_probe": {"executed_lines": [], "summary": {"covered_lines": 0, "num_statements": 6, "percent_covered": 0.0, "percent_covered_display": "0", "missing_lines": 6, "excluded_lines": 0, "percent_statements_covered": 0.0, "percent_statements_covered_display": "0"}, "missing_lines": [1011, 1012, 1013, 1015, 1025, 1054], "excluded_lines": [], "start_line": 1002}, "_reproducible_probe.rng_states": {"executed_lines": [], "summary": {"covered_lines": 0, "num_statements": 7, "percent_covered": 0.0, "percent_covered_display": "0", "missing_lines": 7, "excluded_lines": 0, "percent_statements_covered": 0.0, "percent_statements_covered_display": "0"}, "missing_lines": [1016, 1017, 1018, 1019, 1021, 1022, 1023], "excluded_lines": [], "start_line": 1015}, "_reproducible_probe.trial": {"executed_lines": [], "summary": {"covered_lines": 0, "num_statements": 19, "percent_covered": 0.0, "percent_covered_display": "0", "missing_lines": 19, "excluded_lines": 0, "percent_statements_covered": 0.0, "percent_statements_covered_display": "0"}, "missing_lines": [1026, 1027, 1030, 1031, 1032, 1033, 1034, 1035, 1036, 1037, 1038, 1039, 1040, 1041, 1042, 1045, 1048, 1049, 1052], "excluded_lines": [], "start_line": 1025}, "_is_empty_safe_derive": {"executed_lines": [], "summary": {"covered_lines": 0, "num_statements": 8, "percent_covered": 0.0, "percent_covered_display": "0", "missing_lines": 8, "excluded_lines": 0, "percent_statements_covered": 0.0, "percent_statements_covered_display": "0"}, "missing_lines": [1073, 1074, 1075, 1076, 1077, 1078, 1079, 1084], "excluded_lines": [], "start_line": 1058}, "_empty_probe": {"executed_lines": [], "summary": {"covered_lines": 0, "num_statements": 13, "percent_covered": 0.0, "percent_covered_display": "0", "missing_lines": 13, "excluded_lines": 0, "percent_statements_covered": 0.0, "percent_statements_covered_display": "0"}, "missing_lines": [1097, 1098, 1099, 1100, 1101, 1102, 1103, 1105, 1131, 1133, 1134, 1138, 1142], "excluded_lines": [], "start_line": 1087}, "_empty_probe.trial": {"executed_lines": [], "summary": {"covered_lines": 0, "num_statements": 19, "percent_covered": 0.0, "percent_covered_display": "0", "missing_lines": 19, "excluded_lines": 0, "percent_statements_covered": 0.0, "percent_statements_covered_display": "0"}, "missing_lines": [1106, 1107, 1108, 1111, 1112, 1113, 1114, 1115, 1116, 1117, 1118, 1121, 1122, 1123, 1124, 1125, 1126, 1128, 1129], "excluded_lines": [], "start_line": 1105}, "_is_representation_safe_derive": {"executed_lines": [], "summary": {"covered_lines": 0, "num_statements": 32, 
[...]
"}, "missing_lines": [], "excluded_lines": [], "start_line": 388}, "test_transformed_features_cluster_and_selection_keeps_one.Named": {"executed_lines": [482], "summary": {"covered_lines": 1, "num_statements": 1, "percent_covered": 100.0, "percent_covered_display": "100", "missing_lines": 0, "excluded_lines": 0, "percent_statements_covered": 100.0, "percent_statements_covered_display": "100"}, "missing_lines": [], "excluded_lines": [], "start_line": 480}, "test_synthetic_categorical_orbits_end_to_end.Frame": {"executed_lines": [549], "summary": {"covered_lines": 1, "num_statements": 1, "percent_covered": 100.0, "percent_covered_display": "100", "missing_lines": 0, "excluded_lines": 0, "percent_statements_covered": 100.0, "percent_statements_covered_display": "100"}, "missing_lines": [], "excluded_lines": [], "start_line": 547}, "": {"executed_lines": [4, 6, 7, 9, 10, 11, 17, 19, 20, 23, 24, 27, 30, 33, 34, 41, 42, 43, 46, 48, 49, 50, 51, 54, 56, 57, 58, 61, 62, 63, 66, 68, 69, 70, 71, 72, 75, 77, 78, 79, 80, 81, 87, 90, 91, 92, 95, 98, 99, 100, 101, 102, 105, 108, 109, 110, 111, 112, 115, 123, 124, 125, 126, 131, 132, 133, 134, 135, 136, 137, 140, 142, 143, 144, 145, 146, 147, 148, 149, 152, 153, 154, 155, 156, 158, 161, 163, 164, 165, 168, 170, 171, 172, 173, 175, 176, 179, 182, 183, 184, 187, 191, 192, 195, 196, 197, 198, 200, 203, 204, 205, 206, 207, 208, 211, 213, 214, 215, 216, 217, 220, 224, 228, 230, 231, 232, 234, 235, 238, 239, 240, 241, 243, 244, 245, 248, 249, 250, 253, 255, 259, 261, 262, 263, 265, 266, 271, 272, 273, 279, 282, 283, 284, 285, 286, 289, 290, 292, 295, 298, 299, 300, 303, 306, 307, 308, 309, 310, 311, 314, 315, 316, 319, 320, 321, 322, 325, 328, 330, 331, 333, 334, 335, 337, 340, 341, 342, 344, 345, 346, 349, 350, 351, 353, 355, 356, 359, 362, 363, 364, 369, 370, 372, 373, 374, 375, 378, 382, 383, 384, 385, 386, 388, 389, 390, 392, 394, 397, 398, 399, 400, 405, 406, 407, 408, 409, 411, 412, 413, 416, 417, 418, 419, 420, 423, 426, 430, 431, 432, 433, 436, 437, 438, 439, 440, 441, 443, 447, 452, 453, 462, 467, 468, 469, 470, 477, 478, 480, 481, 483, 484, 486, 489, 492, 493, 494, 495, 496, 497, 498, 499, 500, 501, 503, 504, 509, 512, 513, 514, 515, 516, 519, 520, 521, 522, 523, 524, 525, 528, 530, 531, 532, 533, 534, 535, 538, 541, 542, 543, 544, 545, 547, 548, 550, 551, 552, 553, 554, 557, 558, 559, 560, 561, 563, 564, 569, 571, 572, 573, 574, 577, 578, 579, 580, 581, 582, 583, 591, 592, 593, 596, 597, 598, 601, 602, 603, 606, 607, 608, 611, 612, 613, 616, 619, 620, 621, 624, 625, 627, 628, 629], "summary": {"covered_lines": 351, "num_statements": 359, "percent_covered": 97.7715877437326, "percent_covered_display": "98", "missing_lines": 8, "excluded_lines": 0, "percent_statements_covered": 97.7715877437326, "percent_statements_covered_display": "98"}, "missing_lines": [35, 36, 317, 318, 454, 455, 456, 457], "excluded_lines": [], "start_line": 1}}}, "tests/test_demo_notebook.py": {"executed_lines": [7, 8, 10, 12, 14, 17, 18, 19, 20, 21, 22, 23, 24, 25], "summary": {"covered_lines": 14, "num_statements": 14, "percent_covered": 100.0, "percent_covered_display": "100", "missing_lines": 0, "excluded_lines": 0, "percent_statements_covered": 100.0, "percent_statements_covered_display": "100"}, "missing_lines": [], "excluded_lines": [], "functions": {"test_notebook_runs_top_to_bottom": {"executed_lines": [18, 19, 20, 21, 22, 23, 24, 25], "summary": {"covered_lines": 8, "num_statements": 8, "percent_covered": 100.0, "percent_covered_display": "100", "missing_lines": 0, "excluded_lines": 0, "percent_statements_covered": 100.0, "percent_statements_covered_display": "100"}, "missing_lines": [], "excluded_lines": [], "start_line": 17}, "": {"executed_lines": [7, 8, 10, 12, 14, 17], "summary": {"covered_lines": 6, "num_statements": 6, "percent_covered": 100.0, "percent_covered_display": "100", "missing_lines": 0, "excluded_lines": 0, "percent_statements_covered": 100.0, "percent_statements_covered_display": "100"}, "missing_lines": [], "excluded_lines": [], "start_line": 1}}, "classes": {"": {"executed_lines": [7, 8, 10, 12, 14, 17, 18, 19, 20, 21, 22, 23, 24, 25], "summary": {"covered_lines": 14, "num_statements": 14, "percent_covered": 100.0, "percent_covered_display": "100", "missing_lines": 0, "excluded_lines": 0, "percent_statements_covered": 100.0, "percent_statements_covered_display": "100"}, "missing_lines": [], "excluded_lines": [], "start_line": 1}}}, "tests/test_soundness.py": {"executed_lines": [23, 24, 26, 27, 28, 36, 37, 40, 42, 43, 48, 49, 50, 54, 55, 56, 57, 58, 59, 60, 61, 62, 68, 76, 77, 78, 79, 80, 83, 84, 89, 90, 91, 92, 95, 100, 104, 110, 111, 112, 113, 118, 121, 122, 123, 128, 129, 130, 131, 132, 133, 138, 141, 142, 143, 149, 150, 151, 152, 153, 154, 155, 156, 159, 161, 162, 163, 164, 165, 170, 171, 172, 174, 175, 176, 177, 178, 181, 182, 183, 184, 185, 186, 187, 190, 197, 198, 199, 200, 201, 202, 203, 204, 205, 206, 207, 210, 213, 216, 217, 218, 219, 220, 221, 222, 225, 231, 232, 233, 234, 235, 236, 239, 241, 242, 245, 246, 247, 248, 251, 252, 253, 254, 257, 258, 259, 260, 261, 263, 264, 265, 268, 272, 273, 274, 278, 281, 286, 287, 288, 289, 290, 291, 292, 293, 294, 295, 298, 303, 304, 305, 306, 307, 309, 310, 313, 319, 320, 321, 322, 323, 324, 327, 330, 331, 332, 333, 334, 335, 336, 339, 340, 341, 342, 343, 344, 347, 348, 349, 350, 351, 352, 353, 354, 357, 358, 359, 360, 361, 362, 363, 364, 367, 372, 373, 374, 375, 376, 377, 378, 379, 384, 389, 390, 391, 392, 393, 394, 396, 398, 403, 404, 406, 407, 408, 410, 411, 412, 413, 414, 415, 420, 423, 424, 425, 426, 427], "summary": {"covered_lines": 227, "num_statements": 227, "percent_covered": 100.0, "percent_covered_display": "100", "missing_lines": 0, "excluded_lines": 0, "percent_statements_covered": 100.0, "percent_statements_covered_display": "100"}, "missing_lines": [], "excluded_lines": [], "functions": {"_dependent_pair": {"executed_lines": [42, 43], "summary": {"covered_lines": 2, "num_statements": 2, "percent_covered": 100.0, "percent_covered_display": "100", "missing_lines": 0, "excluded_lines": 0, "percent_statements_covered": 100.0, "percent_statements_covered_display": "100"}, "missing_lines": [], "excluded_lines": [], "start_line": 40}, "test_mi_is_symmetric_continuous": {"executed_lines": [49, 50], "summary": {"covered_lines": 2, "num_statements": 2, "percent_covered": 100.0, "percent_covered_display": "100", "missing_lines": 0, "excluded_lines": 0, "percent_statements_covered": 100.0, "percent_statements_covered_display": "100"}, "missing_lines": [], "excluded_lines": [], "start_line": 48}, "test_mi_is_symmetric_mixed_and_discrete": {"executed_lines": [55, 56, 57, 58, 59, 60, 61, 62], "summary": {"covered_lines": 8, "num_statements": 8, "percent_covered": 100.0, "percent_covered_display": "100", "missing_lines": 0, "excluded_lines": 0, "percent_statements_covered": 100.0, "percent_statements_covered_display": "100"}, "missing_lines": [], "excluded_lines": [], "start_line": 54}, "test_r_info_depends_only_on_the_copula": {"executed_lines": [76, 77, 78, 79, 80, 83, 84], "summary": {"covered_lines": 7, "num_statements": 7, "percent_covered": 100.0, "percent_covered_display": "100", "missing_lines": 0, "excluded_lines": 0, "percent_statements_covered": 100.0, "percent_statements_covered_display": "100"}, "missing_lines": [], "excluded_lines": [], "start_line": 68}, "test_more_noise_means_less_information": {"executed_lines": [90, 91, 92, 95], "summary": {"covered_lines": 4, "num_statements": 4, "percent_covered": 100.0, "percent_covered_display": "100", "missing_lines": 0, "excluded_lines": 0, "percent_statements_covered": 100.0, "percent_statements_covered_display": "100"}, "missing_lines": [], "excluded_lines": [], "start_line": 89}, "test_independence_floor_for_non_gaussian_margins": {"executed_lines": [104, 110, 111, 112, 113], "summary": {"covered_lines": 5, "num_statements": 5, "percent_covered": 100.0, "percent_covered_display": "100", "missing_lines": 0, "excluded_lines": 0, "percent_statements_covered": 100.0, "percent_statements_covered_display": "100"}, "missing_lines": [], "excluded_lines": [], "start_line": 100}, "test_near_deterministic_non_gaussian_approaches_one": {"executed_lines": [121, 122, 123], "summary": {"covered_lines": 3, "num_statements": 3, "percent_covered": 100.0, "percent_covered_display": "100", "missing_lines": 0, "excluded_lines": 0, "percent_statements_covered": 100.0, "percent_statements_covered_display": "100"}, "missing_lines": [], "excluded_lines": [], "start_line": 118}, "test_permuting_one_side_destroys_association": {"executed_lines": [129, 130, 131, 132, 133], "summary": {"covered_lines": 5, "num_statements": 5, "percent_covered": 100.0, "percent_covered_display": "100", "missing_lines": 0, "excluded_lines": 0, "percent_statements_covered": 100.0, "percent_statements_covered_display": "100"}, "missing_lines": [], "excluded_lines": [], "start_line": 128}, "test_metric_bounds_hold_on_arbitrary_data": {"executed_lines": [141, 142, 143, 149, 150, 151, 152, 153, 154, 155, 156], "summary": {"covered_lines": 11, "num_statements": 11, "percent_covered": 100.0, "percent_covered_display": "100", "missing_lines": 0, "excluded_lines": 0, "percent_statements_covered": 100.0, "percent_statements_covered_display": "100"}, "missing_lines": [], "excluded_lines": [], "start_line": 138}, "test_linfoot_transform_properties": {"executed_lines": [161, 162, 163, 164, 165], "summary": {"covered_lines": 5, "num_statements": 5, "percent_covered": 100.0, "percent_covered_display": "100", "missing_lines": 0, "excluded_lines": 0, "percent_statements_covered": 100.0, "percent_statements_covered_display": "100"}, "missing_lines": [], "excluded_lines": [], "start_line": 159}, "_frame": {"executed_lines": [171, 172, 174, 175, 176, 178], "summary": {"covered_lines": 6, "num_statements": 6, "percent_covered": 100.0, "percent_covered_display": "100", "missing_lines": 0, "excluded_lines": 0, "percent_statements_covered": 100.0, "percent_statements_covered_display": "100"}, "missing_lines": [], "excluded_lines": [], "start_line": 170}, "_frame.Frame.__array__": {"executed_lines": [177], "summary": {"covered_lines": 1, "num_statements": 1, "percent_covered": 100.0, "percent_covered_display": "100", "missing_lines": 0, "excluded_lines": 0, "percent_statements_covered": 100.0, "percent_statements_covered_display": "100"}, "missing_lines": [], "excluded_lines": [], "start_line": 176}, "_noisy_system": {"executed_lines": [182, 183, 184, 185, 186, 187], "summary": {"covered_lines": 6, "num_statements": 6, "percent_covered": 100.0, "percent_covered_display": "100", "missing_lines": 0, "excluded_lines": 0, "percent_statements_covered": 100.0, "percent_statements_covered_display": "100"}, "missing_lines": [], "excluded_lines": [], "start_line": 181}, "test_calibration_zeroes_independent_features_RELEVANCE_not_position": {"executed_lines": [197, 198, 199, 200, 201, 202, 203, 204, 205, 206, 207, 210], "summary": {"covered_lines": 12, "num_statements": 12, "percent_covered": 100.0, "percent_covered_display": "100", "missing_lines": 0, "excluded_lines": 0, "percent_statements_covered": 100.0, "percent_statements_covered_display": "100"}, "missing_lines": [], "excluded_lines": [], "start_line": 190}, "test_calibration_relevance_zeroes_noise_but_keeps_strong_signal": {"executed_lines": [216, 217, 218, 219, 220, 221, 222], "summary": {"covered_lines": 7, "num_statements": 7, "percent_covered": 100.0, "percent_covered_display": "100", "missing_lines": 0, "excluded_lines": 0, "percent_statements_covered": 100.0, "percent_statements_covered_display": "100"}, "missing_lines": [], "excluded_lines": [], "start_line": 213}, "test_orbitsystem_selection_reports_r_info_adj_as_relevance": {"executed_lines": [231, 232, 233, 234, 235, 236, 239, 241, 242], "summary": {"covered_lines": 9, "num_statements": 9, "percent_covered": 100.0, "percent_covered_display": "100", "missing_lines": 0, "excluded_lines": 0, "percent_statements_covered": 100.0, "percent_statements_covered_display": "100"}, "missing_lines": [], "excluded_lines": [], "start_line": 225}, "test_calibrate_false_reproduces_uncalibrated_profile": {"executed_lines": [246, 247, 248], "summary": {"covered_lines": 3, "num_statements": 3, "percent_covered": 100.0, "percent_covered_display": "100", "missing_lines": 0, "excluded_lines": 0, "percent_statements_covered": 100.0, "percent_statements_covered_display": "100"}, "missing_lines": [], "excluded_lines": [], "start_line": 245}, "test_calibration_is_deterministic": {"executed_lines": [252, 253, 254], "summary": {"covered_lines": 3, "num_statements": 3, "percent_covered": 100.0, "percent_covered_display": "100", "missing_lines": 0, "excluded_lines": 0, "percent_statements_covered": 100.0, "percent_statements_covered_display": "100"}, "missing_lines": [], "excluded_lines": [], "start_line": 251}, "test_select_features_reports_below_chance": {"executed_lines": [258, 259, 260, 261, 263, 264, 265], "summary": {"covered_lines": 7, "num_statements": 7, "percent_covered": 100.0, "percent_covered_display": "100", "missing_lines": 0, "excluded_lines": 0, "percent_statements_covered": 100.0, "percent_statements_covered_display": "100"}, "missing_lines": [], "excluded_lines": [], "start_line": 257}, "_mixed_system": {"executed_lines": [272, 273, 274, 278], "summary": {"covered_lines": 4, "num_statements": 4, "percent_covered": 100.0, "percent_covered_display": "100", "missing_lines": 0, "excluded_lines": 0, "percent_statements_covered": 100.0, "percent_statements_covered_display": "100"}, "missing_lines": [], "excluded_lines": [], "start_line": 268}, "test_continuous_features_share_one_chance_level": {"executed_lines": [286, 287, 288, 289, 290, 291, 292, 293, 294, 295], "summary": {"covered_lines": 10, "num_statements": 10, "percent_covered": 100.0, "percent_covered_display": "100", "missing_lines": 0, "excluded_lines": 0, "percent_statements_covered": 100.0, "percent_statements_covered_display": "100"}, "missing_lines": [], "excluded_lines": [], "start_line": 281}, "test_categorical_chance_can_differ_from_continuous_and_from_circle": {"executed_lines": [303, 304, 305, 306, 307, 309, 310, 313, 319, 320, 321, 322, 323, 324], "summary": {"covered_lines": 14, "num_statements": 14, "percent_covered": 100.0, "percent_covered_display": "100", "missing_lines": 0, "excluded_lines": 0, "percent_statements_covered": 100.0, "percent_statements_covered_display": "100"}, "missing_lines": [], "excluded_lines": [], "start_line": 298}, "test_confidence_raises_chance_level_monotonically": {"executed_lines": [330, 331, 332, 333, 334, 335, 336], "summary": {"covered_lines": 7, "num_statements": 7, "percent_covered": 100.0, "percent_covered_display": "100", "missing_lines": 0, "excluded_lines": 0, "percent_statements_covered": 100.0, "percent_statements_covered_display": "100"}, "missing_lines": [], "excluded_lines": [], "start_line": 327}, "test_confidence_out_of_range_raises": {"executed_lines": [340, 341, 342, 343, 344], "summary": {"covered_lines": 5, "num_statements": 5, "percent_covered": 100.0, "percent_covered_display": "100", "missing_lines": 0, "excluded_lines": 0, "percent_statements_covered": 100.0, "percent_statements_covered_display": "100"}, "missing_lines": [], "excluded_lines": [], "start_line": 339}, "test_low_n_shuffles_warns_about_quantile_stability": {"executed_lines": [348, 349, 350, 351, 352, 353, 354], "summary": {"covered_lines": 7, "num_statements": 7, "percent_covered": 100.0, "percent_covered_display": "100", "missing_lines": 0, "excluded_lines": 0, "percent_statements_covered": 100.0, "percent_statements_covered_display": "100"}, "missing_lines": [], "excluded_lines": [], "start_line": 347}, "test_default_n_shuffles_does_not_warn": {"executed_lines": [358, 359, 360, 361, 362, 363, 364], "summary": {"covered_lines": 7, "num_statements": 7, "percent_covered": 100.0, "percent_covered_display": "100", "missing_lines": 0, "excluded_lines": 0, "percent_statements_covered": 100.0, "percent_statements_covered_display": "100"}, "missing_lines": [], "excluded_lines": [], "start_line": 357}, "test_pearson_spearman_significance_uses_pooled_permutation_level": {"executed_lines": [372, 373, 374, 375, 376, 377, 378, 379], "summary": {"covered_lines": 8, "num_statements": 8, "percent_covered": 100.0, "percent_covered_display": "100", "missing_lines": 0, "excluded_lines": 0, "percent_statements_covered": 100.0, "percent_statements_covered_display": "100"}, "missing_lines": [], "excluded_lines": [], "start_line": 367}, "test_binary_categorical_keeps_direction_nominal_does_not": {"executed_lines": [389, 390, 391, 392, 393, 394, 396, 398, 403, 404, 406, 407, 408, 410, 411, 412, 413, 414, 415], "summary": {"covered_lines": 19, "num_statements": 19, "percent_covered": 100.0, "percent_covered_display": "100", "missing_lines": 0, "excluded_lines": 0, "percent_statements_covered": 100.0, "percent_statements_covered_display": "100"}, "missing_lines": [], "excluded_lines": [], "start_line": 384}, "test_discrete_mi_bounded_by_log_min_levels": {"executed_lines": [423, 424, 425, 426, 427], "summary": {"covered_lines": 5, "num_statements": 5, "percent_covered": 100.0, "percent_covered_display": "100", "missing_lines": 0, "excluded_lines": 0, "percent_statements_covered": 100.0, "percent_statements_covered_display": "100"}, "missing_lines": [], "excluded_lines": [], "start_line": 420}, "": {"executed_lines": [23, 24, 26, 27, 28, 36, 37, 40, 48, 54, 68, 89, 100, 118, 128, 138, 159, 170, 181, 190, 213, 225, 245, 251, 257, 268, 281, 298, 327, 339, 347, 357, 367, 384, 420], "summary": {"covered_lines": 35, "num_statements": 35, "percent_covered": 100.0, "percent_covered_display": "100", "missing_lines": 0, "excluded_lines": 0, "percent_statements_covered": 100.0, "percent_statements_covered_display": "100"}, "missing_lines": [], "excluded_lines": [], "start_line": 1}}, "classes": {"_frame.Frame": {"executed_lines": [177], "summary": {"covered_lines": 1, "num_statements": 1, "percent_covered": 100.0, "percent_covered_display": "100", "missing_lines": 0, "excluded_lines": 0, "percent_statements_covered": 100.0, "percent_statements_covered_display": "100"}, "missing_lines": [], "excluded_lines": [], "start_line": 174}, "": {"executed_lines": [23, 24, 26, 27, 28, 36, 37, 40, 42, 43, 48, 49, 50, 54, 55, 56, 57, 58, 59, 60, 61, 62, 68, 76, 77, 78, 79, 80, 83, 84, 89, 90, 91, 92, 95, 100, 104, 110, 111, 112, 113, 118, 121, 122, 123, 128, 129, 130, 131, 132, 133, 138, 141, 142, 143, 149, 150, 151, 152, 153, 154, 155, 156, 159, 161, 162, 163, 164, 165, 170, 171, 172, 174, 175, 176, 178, 181, 182, 183, 184, 185, 186, 187, 190, 197, 198, 199, 200, 201, 202, 203, 204, 205, 206, 207, 210, 213, 216, 217, 218, 219, 220, 221, 222, 225, 231, 232, 233, 234, 235, 236, 239, 241, 242, 245, 246, 247, 248, 251, 252, 253, 254, 257, 258, 259, 260, 261, 263, 264, 265, 268, 272, 273, 274, 278, 281, 286, 287, 288, 289, 290, 291, 292, 293, 294, 295, 298, 303, 304, 305, 306, 307, 309, 310, 313, 319, 320, 321, 322, 323, 324, 327, 330, 331, 332, 333, 334, 335, 336, 339, 340, 341, 342, 343, 344, 347, 348, 349, 350, 351, 352, 353, 354, 357, 358, 359, 360, 361, 362, 363, 364, 367, 372, 373, 374, 375, 376, 377, 378, 379, 384, 389, 390, 391, 392, 393, 394, 396, 398, 403, 404, 406, 407, 408, 410, 411, 412, 413, 414, 415, 420, 423, 424, 425, 426, 427], "summary": {"covered_lines": 226, "num_statements": 226, "percent_covered": 100.0, "percent_covered_display": "100", "missing_lines": 0, "excluded_lines": 0, "percent_statements_covered": 100.0, "percent_statements_covered_display": "100"}, "missing_lines": [], "excluded_lines": [], "start_line": 1}}}}, "totals": {"covered_lines": 3129, "num_statements": 15340, "percent_covered": 20.397653194263363, "percent_covered_display": "20", "missing_lines": 12211, "excluded_lines": 17, "percent_statements_covered": 20.397653194263363, "percent_statements_covered_display": "20"}}